0 verbose cli /usr/local/bin/node /usr/local/bin/npm
1 info using npm@10.8.2
2 info using node@v20.17.0
3 silly config load:file:/usr/local/lib/node_modules/npm/npmrc
4 silly config load:file:/data/.npmrc
5 silly config load:file:/root/.npmrc
6 silly config load:file:/usr/local/etc/npmrc
7 verbose title npm audit fix
8 verbose argv "audit" "fix" "--force"
9 verbose logfile logs-max:10 dir:/data/.npm/_logs/2024-09-23T13_14_45_124Z-
10 verbose logfile /data/.npm/_logs/2024-09-23T13_14_45_124Z-debug-0.log
11 warn using --force Recommended protections disabled.
12 silly packumentCache heap:2197815296 maxSize:549453824 maxEntrySize:274726912
13 silly logfile done cleaning log files
14 silly audit bulk request {
14 silly audit   '@babel/runtime': [ '7.25.6' ],
14 silly audit   '@mapbox/node-pre-gyp': [ '1.0.11' ],
14 silly audit   '@node-red/editor-api': [ '3.1.12' ],
14 silly audit   bcrypt: [ '5.1.0', '5.1.1' ],
14 silly audit   'body-parser': [ '1.20.3', '1.19.0', '1.20.2' ],
14 silly audit   bytes: [ '3.1.2', '3.1.0', '3.0.0' ],
14 silly audit   depd: [ '2.0.0', '1.1.2' ],
14 silly audit   encodeurl: [ '2.0.0', '1.0.2' ],
14 silly audit   express: [ '4.21.0', '4.19.1' ],
14 silly audit   finalhandler: [ '1.3.1', '1.2.0' ],
14 silly audit   'http-errors': [ '2.0.0', '1.7.2' ],
14 silly audit   inherits: [ '2.0.4', '2.0.1', '2.0.3' ],
14 silly audit   'merge-descriptors': [ '1.0.3', '1.0.1' ],
14 silly audit   ms: [ '2.1.3', '2.1.2', '2.0.0' ],
14 silly audit   'on-finished': [ '2.4.1', '2.3.0' ],
14 silly audit   'path-to-regexp': [ '0.1.10', '0.1.7' ],
14 silly audit   qs: [ '6.13.0', '6.11.0', '6.7.0', '6.5.3' ],
14 silly audit   'raw-body': [ '2.5.2', '2.4.0' ],
14 silly audit   send: [ '0.19.0', '0.18.0' ],
14 silly audit   mime: [ '1.6.0', '3.0.0' ],
14 silly audit   'serve-static': [ '1.16.2', '1.15.0' ],
14 silly audit   toidentifier: [ '1.0.1', '1.0.0' ],
14 silly audit   '@node-red/editor-client': [ '3.1.12' ],
14 silly audit   '@node-red/nodes': [ '3.1.12' ],
14 silly audit   'iconv-lite': [ '0.4.24', '0.6.3' ],
14 silly audit   cookie: [ '0.5.0', '0.6.0', '0.4.1', '0.4.2' ],
14 silly audit   '@node-red/registry': [ '3.1.12' ],
14 silly audit   'lru-cache': [ '6.0.0', '4.1.5', '7.18.3' ],
14 silly audit   semver: [ '7.5.4', '6.3.1', '7.6.3' ],
14 silly audit   yallist: [ '4.0.0', '2.1.2' ],
14 silly audit   '@node-red/runtime': [ '3.1.12' ],
14 silly audit   '@node-red/util': [ '3.1.12' ],
14 silly audit   '@serialport/binding-mock': [ '10.2.2' ],
14 silly audit   debug: [ '4.3.7', '4.3.4', '2.6.9' ],
14 silly audit   '@serialport/bindings-cpp': [ '11.0.3' ],
14 silly audit   '@serialport/parser-delimiter': [ '11.0.0', '11.0.1' ],
14 silly audit   '@serialport/parser-readline': [ '11.0.0', '11.0.1' ],
14 silly audit   'node-addon-api': [ '6.1.0', '5.1.0' ],
14 silly audit   '@serialport/bindings-interface': [ '1.2.2' ],
14 silly audit   '@serialport/parser-byte-length': [ '11.0.1' ],
14 silly audit   '@serialport/parser-cctalk': [ '11.0.1' ],
14 silly audit   '@serialport/parser-inter-byte-timeout': [ '11.0.1' ],
14 silly audit   '@serialport/parser-packet-length': [ '11.0.1' ],
14 silly audit   '@serialport/parser-ready': [ '11.0.1' ],
14 silly audit   '@serialport/parser-regex': [ '11.0.1' ],
14 silly audit   '@serialport/parser-slip-encoder': [ '11.0.1' ],
14 silly audit   '@serialport/parser-spacepacket': [ '11.0.1' ],
14 silly audit   '@serialport/stream': [ '11.0.1' ],
14 silly audit   '@sindresorhus/is': [ '5.6.0' ],
14 silly audit   '@socket.io/component-emitter': [ '3.1.2' ],
14 silly audit   '@szmarczak/http-timer': [ '5.0.1' ],
14 silly audit   '@types/cookie': [ '0.4.1' ],
14 silly audit   '@types/cors': [ '2.8.17' ],
14 silly audit   '@types/http-cache-semantics': [ '4.0.4' ],
14 silly audit   '@types/node': [ '22.5.5' ],
14 silly audit   abbrev: [ '1.1.1' ],
14 silly audit   accepts: [ '1.3.8' ],
14 silly audit   acorn: [ '8.8.2' ],
14 silly audit   'acorn-walk': [ '8.2.0' ],
14 silly audit   'agent-base': [ '6.0.2' ],
14 silly audit   ajv: [ '8.12.0', '6.12.6' ],
14 silly audit   'ansi-colors': [ '4.1.3' ],
14 silly audit   'ansi-regex': [ '5.0.1' ],
14 silly audit   'append-field': [ '1.0.0' ],
14 silly audit   aproba: [ '2.0.0' ],
14 silly audit   'are-we-there-yet': [ '2.0.0' ],
14 silly audit   argparse: [ '2.0.1' ],
14 silly audit   'array-flatten': [ '1.1.1' ],
14 silly audit   asap: [ '2.0.6' ],
14 silly audit   asn1: [ '0.2.6' ],
14 silly audit   'assert-plus': [ '1.0.0' ],
14 silly audit   'async-mutex': [ '0.4.0' ],
14 silly audit   asynckit: [ '0.4.0' ],
14 silly audit   'available-typed-arrays': [ '1.0.7' ],
14 silly audit   'aws-sign2': [ '0.7.0' ],
14 silly audit   'aws-ssl-profiles': [ '1.1.2' ],
14 silly audit   aws4: [ '1.13.2' ],
14 silly audit   axios: [ '1.7.7' ],
14 silly audit   'balanced-match': [ '1.0.2' ],
14 silly audit   'base64-js': [ '1.5.1' ],
14 silly audit   base64id: [ '2.0.0' ],
14 silly audit   'basic-auth': [ '2.0.1' ],
14 silly audit   'safe-buffer': [ '5.1.2', '5.2.1' ],
14 silly audit   'bcrypt-pbkdf': [ '1.0.2' ],
14 silly audit   bcryptjs: [ '2.4.3' ],
14 silly audit   'bignumber.js': [ '2.0.7' ],
14 silly audit   bindings: [ '1.5.0' ],
14 silly audit   'bitcore-lib': [ '0.13.19' ],
14 silly audit   'bitcore-message': [ '1.0.4' ],
14 silly audit   bl: [ '4.1.0' ],
14 silly audit   bluebird: [ '3.7.2' ],
14 silly audit   'bn.js': [ '2.0.4' ],
14 silly audit   boolbase: [ '1.0.0' ],
14 silly audit   'brace-expansion': [ '1.1.11' ],
14 silly audit   brorand: [ '1.1.0' ],
14 silly audit   bs58: [ '2.0.0' ],
14 silly audit   buffer: [ '5.7.1' ],
14 silly audit   'buffer-compare': [ '1.0.0' ],
14 silly audit   'buffer-from': [ '1.1.2' ],
14 silly audit   busboy: [ '1.6.0' ],
14 silly audit   bytebuffer: [ '5.0.1' ],
14 silly audit   'cacheable-lookup': [ '7.0.0' ],
14 silly audit   'cacheable-request': [ '10.2.14' ],
14 silly audit   'call-bind': [ '1.0.7' ],
14 silly audit   caseless: [ '0.12.0' ],
14 silly audit   cheerio: [ '1.0.0-rc.10' ],
14 silly audit   'cheerio-select': [ '1.6.0' ],
14 silly audit   chownr: [ '2.0.0' ],
14 silly audit   'cli-table': [ '0.3.11' ],
14 silly audit   clone: [ '2.1.2' ],
14 silly audit   'color-support': [ '1.1.3' ],
14 silly audit   colors: [ '1.0.3' ],
14 silly audit   'combined-stream': [ '1.0.8' ],
14 silly audit   commander: [ '2.20.3' ],
14 silly audit   commist: [ '1.1.0' ],
14 silly audit   compressible: [ '2.0.18' ],
14 silly audit   compression: [ '1.7.4' ],
14 silly audit   'concat-map': [ '0.0.1' ],
14 silly audit   'concat-stream': [ '2.0.0', '1.6.2' ],
14 silly audit   'console-control-strings': [ '1.1.0' ],
14 silly audit   'content-disposition': [ '0.5.4' ],
14 silly audit   'content-type': [ '1.0.5' ],
14 silly audit   'cookie-parser': [ '1.4.6' ],
14 silly audit   'cookie-signature': [ '1.0.6' ],
14 silly audit   'coord-parser': [ '1.0.0' ],
14 silly audit   'core-util-is': [ '1.0.2' ],
14 silly audit   cors: [ '2.8.5' ],
14 silly audit   cronosjs: [ '1.7.1' ],
14 silly audit   cronstrue: [ '2.50.0' ],
14 silly audit   crypto: [ '0.0.3' ],
14 silly audit   'crypto-js': [ '3.3.0' ],
14 silly audit   'css-select': [ '4.3.0' ],
14 silly audit   'css-what': [ '6.1.0' ],
14 silly audit   dashdash: [ '1.14.1' ],
14 silly audit   'decompress-response': [ '6.0.0' ],
14 silly audit   'mimic-response': [ '3.1.0', '4.0.0' ],
14 silly audit   'defer-to-connect': [ '2.0.1' ],
14 silly audit   'define-data-property': [ '1.1.4' ],
14 silly audit   'delayed-stream': [ '1.0.0' ],
14 silly audit   delegates: [ '1.0.0' ],
14 silly audit   denque: [ '2.1.0' ],
14 silly audit   destroy: [ '1.2.0' ],
14 silly audit   'detect-libc': [ '2.0.3' ],
14 silly audit   'dom-serializer': [ '1.4.1' ],
14 silly audit   domelementtype: [ '2.3.0' ],
14 silly audit   domhandler: [ '4.3.1' ],
14 silly audit   domutils: [ '2.8.0' ],
14 silly audit   duplexify: [ '4.1.3' ],
14 silly audit   'ecc-jsbn': [ '0.1.2' ],
14 silly audit   'ee-first': [ '1.1.1' ],
14 silly audit   elliptic: [ '3.0.3' ],
14 silly audit   'emoji-regex': [ '8.0.0' ],
14 silly audit   'end-of-stream': [ '1.4.4' ],
14 silly audit   'engine.io': [ '6.6.1' ],
14 silly audit   'engine.io-parser': [ '5.2.3' ],
14 silly audit   ws: [ '8.17.1', '7.5.10' ],
14 silly audit   enquirer: [ '2.4.1' ],
14 silly audit   entities: [ '2.2.0' ],
14 silly audit   'es-define-property': [ '1.0.0' ],
14 silly audit   'es-errors': [ '1.3.0' ],
14 silly audit   'escape-html': [ '1.0.3' ],
14 silly audit   etag: [ '1.8.1' ],
14 silly audit   'express-session': [ '1.17.3' ],
14 silly audit   extend: [ '3.0.2' ],
14 silly audit   extsprintf: [ '1.3.0' ],
14 silly audit   'fast-deep-equal': [ '3.1.3' ],
14 silly audit   'fast-json-stable-stringify': [ '2.1.0' ],
14 silly audit   'file-uri-to-path': [ '1.0.0' ],
14 silly audit   'follow-redirects': [ '1.15.9' ],
14 silly audit   'for-each': [ '0.3.3' ],
14 silly audit   'forever-agent': [ '0.6.1' ],
14 silly audit   'form-data': [ '4.0.0', '2.3.3' ],
14 silly audit   'form-data-encoder': [ '2.1.4' ],
14 silly audit   forwarded: [ '0.2.0' ],
14 silly audit   fresh: [ '0.5.2' ],
14 silly audit   fs: [ '0.0.1-security' ],
14 silly audit   'fs-extra': [ '11.1.1' ],
14 silly audit   'fs-minipass': [ '2.1.0' ],
14 silly audit   minipass: [ '3.3.6', '5.0.0' ],
14 silly audit   'fs.realpath': [ '1.0.0' ],
14 silly audit   'function-bind': [ '1.1.2' ],
14 silly audit   gauge: [ '3.0.2' ],
14 silly audit   'generate-function': [ '2.3.1' ],
14 silly audit   'get-intrinsic': [ '1.2.4' ],
14 silly audit   'get-stream': [ '6.0.1' ],
14 silly audit   getpass: [ '0.1.7' ],
14 silly audit   glob: [ '7.2.3' ],
14 silly audit   gopd: [ '1.0.1' ],
14 silly audit   got: [ '12.6.0' ],
14 silly audit   'graceful-fs': [ '4.2.11' ],
14 silly audit   gridstack: [ '0.6.4' ],
14 silly audit   'har-schema': [ '2.0.0' ],
14 silly audit   'har-validator': [ '5.1.5' ],
14 silly audit   'json-schema-traverse': [ '0.4.1', '1.0.0' ],
14 silly audit   'has-property-descriptors': [ '1.0.2' ],
14 silly audit   'has-proto': [ '1.0.3' ],
14 silly audit   'has-symbols': [ '1.0.3' ],
14 silly audit   'has-tostringtag': [ '1.0.2' ],
14 silly audit   'has-unicode': [ '2.0.1' ],
14 silly audit   'hash-sum': [ '2.0.0' ],
14 silly audit   'hash.js': [ '1.1.7' ],
14 silly audit   hasown: [ '2.0.2' ],
14 silly audit   'help-me': [ '3.0.0' ],
14 silly audit   hpagent: [ '1.2.0' ],
14 silly audit   htmlparser2: [ '6.1.0' ],
14 silly audit   'http-cache-semantics': [ '4.1.1' ],
14 silly audit   setprototypeof: [ '1.1.1', '1.2.0' ],
14 silly audit   statuses: [ '1.5.0', '2.0.1' ],
14 silly audit   'http-signature': [ '1.2.0' ],
14 silly audit   'http2-wrapper': [ '2.2.1' ],
14 silly audit   'https-proxy-agent': [ '5.0.1' ],
14 silly audit   i18next: [ '21.10.0' ],
14 silly audit   ieee754: [ '1.2.1' ],
14 silly audit   inflight: [ '1.0.6' ],
14 silly audit   'ipaddr.js': [ '1.9.1' ],
14 silly audit   'is-arguments': [ '1.1.1' ],
14 silly audit   'is-callable': [ '1.2.7' ],
14 silly audit   'is-docker': [ '2.2.1' ],
14 silly audit   'is-fullwidth-code-point': [ '3.0.0' ],
14 silly audit   'is-generator-function': [ '1.0.10' ],
14 silly audit   'is-property': [ '1.0.2' ],
14 silly audit   'is-typed-array': [ '1.1.13' ],
14 silly audit   'is-typedarray': [ '1.0.0' ],
14 silly audit   'is-utf8': [ '0.2.1' ],
14 silly audit   'is-wsl': [ '2.2.0' ],
14 silly audit   isarray: [ '1.0.0' ],
14 silly audit   isstream: [ '0.1.2' ],
14 silly audit   'javascript-opentimestamps': [ '0.1.18' ],
14 silly audit   jquery: [ '3.7.1' ],
14 silly audit   'js-sdsl': [ '4.3.0' ],
14 silly audit   'js-yaml': [ '4.1.0' ],
14 silly audit   jsbn: [ '0.1.1' ],
14 silly audit   'json-buffer': [ '3.0.1' ],
14 silly audit   'json-schema': [ '0.4.0' ],
14 silly audit   'json-stringify-safe': [ '5.0.1' ],
14 silly audit   jsonata: [ '1.8.7' ],
14 silly audit   jsonfile: [ '6.1.0' ],
14 silly audit   jsprim: [ '1.4.2' ],
14 silly audit   keccak: [ '1.4.0' ],
14 silly audit   keyv: [ '4.5.4' ],
14 silly audit   leven: [ '2.1.0' ],
14 silly audit   lodash: [ '3.10.1', '4.17.21' ],
14 silly audit   'lodash.clonedeep': [ '4.5.0' ],
14 silly audit   long: [ '3.2.0', '5.2.3' ],
14 silly audit   'lowercase-keys': [ '3.0.0' ],
14 silly audit   'lru.min': [ '1.1.1' ],
14 silly audit   'make-dir': [ '3.1.0' ],
14 silly audit   'media-typer': [ '1.1.0', '0.3.0' ],
14 silly audit   memorystore: [ '1.6.7' ],
14 silly audit   methods: [ '1.1.2' ],
14 silly audit   'mime-db': [ '1.52.0' ],
14 silly audit   'mime-types': [ '2.1.35' ],
14 silly audit   'minimalistic-assert': [ '1.0.1' ],
14 silly audit   minimatch: [ '3.1.2' ],
14 silly audit   minimist: [ '1.2.8' ],
14 silly audit   minizlib: [ '2.1.2' ],
14 silly audit   mkdirp: [ '0.5.6', '1.0.4' ],
14 silly audit   moment: [ '2.29.4' ],
14 silly audit   'moment-timezone': [ '0.5.43' ],
14 silly audit   mqtt: [ '4.3.7' ],
14 silly audit   'mqtt-packet': [ '6.10.0' ],
14 silly audit   multer: [ '1.4.5-lts.1' ],
14 silly audit   'readable-stream': [ '2.3.8', '3.6.2' ],
14 silly audit   string_decoder: [ '1.1.1', '1.3.0' ],
14 silly audit   mustache: [ '4.2.0' ],
14 silly audit   'mute-stream': [ '0.0.8' ],
14 silly audit   mysql2: [ '3.11.3' ],
14 silly audit   'named-placeholders': [ '1.1.3' ],
14 silly audit   nan: [ '2.20.0' ],
14 silly audit   negotiator: [ '0.6.3' ],
14 silly audit   nipplejs: [ '0.8.7' ],
14 silly audit   'node-fetch': [ '2.7.0' ],
14 silly audit   'node-gyp-build': [ '4.6.0' ],
14 silly audit   'node-red': [ '3.1.12' ],
14 silly audit   'node-red-admin': [ '3.1.3' ],
14 silly audit   'node-red-contrib-boolean-logic': [ '0.0.3' ],
14 silly audit   'node-red-contrib-buffer-parser': [ '3.2.2' ],
14 silly audit   'node-red-contrib-cron-plus': [ '2.1.0' ],
14 silly audit   'node-red-contrib-open': [ '1.0.0' ],
14 silly audit   'node-red-contrib-opentimestamps': [ '0.0.7' ],
14 silly audit   'node-red-contrib-play-audio': [ '2.5.0' ],
14 silly audit   'node-red-contrib-socketcan': [ '1.2.10' ],
14 silly audit   'node-red-contrib-ui-joystick': [ '1.0.1' ],
14 silly audit   'node-red-contrib-ui-time-scheduler': [ '1.17.2' ],
14 silly audit   'node-red-dashboard': [ '3.6.5' ],
14 silly audit   'node-red-node-mysql': [ '2.0.0' ],
14 silly audit   'node-red-node-pi-gpio': [ '2.0.6' ],
14 silly audit   'node-red-node-ping': [ '0.3.3' ],
14 silly audit   'node-red-node-random': [ '0.4.1' ],
14 silly audit   'node-red-node-serialport': [ '1.0.4' ],
14 silly audit   'node-red-node-smooth': [ '0.1.2' ],
14 silly audit   'node-watch': [ '0.7.4' ],
14 silly audit   nopt: [ '5.0.0' ],
14 silly audit   'normalize-url': [ '8.0.1' ],
14 silly audit   npmlog: [ '5.0.1' ],
14 silly audit   'nth-check': [ '2.1.1' ],
14 silly audit   'number-allocator': [ '1.0.14' ],
14 silly audit   'oauth-sign': [ '0.9.0' ],
14 silly audit   oauth2orize: [ '1.11.1' ],
14 silly audit   'object-assign': [ '4.1.1' ],
14 silly audit   'object-inspect': [ '1.13.2' ],
14 silly audit   'on-headers': [ '1.0.2' ],
14 silly audit   once: [ '1.4.0' ],
14 silly audit   open: [ '7.3.1' ],
14 silly audit   'p-cancelable': [ '3.0.0' ],
14 silly audit   'parse-ms': [ '2.1.0' ],
14 silly audit   parse5: [ '6.0.1' ],
14 silly audit   'parse5-htmlparser2-tree-adapter': [ '6.0.1' ],
14 silly audit   parseurl: [ '1.3.3' ],
14 silly audit   passport: [ '0.6.0' ],
14 silly audit   'passport-http-bearer': [ '1.0.1' ],
14 silly audit   'passport-oauth2-client-password': [ '0.1.2' ],
14 silly audit   'passport-strategy': [ '1.0.0' ],
14 silly audit   'path-is-absolute': [ '1.0.1' ],
14 silly audit   pause: [ '0.0.1' ],
14 silly audit   'performance-now': [ '2.1.0' ],
14 silly audit   'possible-typed-array-names': [ '1.0.0' ],
14 silly audit   'pretty-ms': [ '7.0.1' ],
14 silly audit   'process-nextick-args': [ '2.0.1' ],
14 silly audit   promise: [ '7.3.1' ],
14 silly audit   properties: [ '1.2.1' ],
14 silly audit   'proxy-addr': [ '2.0.7' ],
14 silly audit   'proxy-from-env': [ '1.1.0' ],
14 silly audit   pseudomap: [ '1.0.2' ],
14 silly audit   psl: [ '1.9.0' ],
14 silly audit   pump: [ '3.0.2' ],
14 silly audit   punycode: [ '2.3.1' ],
14 silly audit   querystringify: [ '2.2.0' ],
14 silly audit   'quick-lru': [ '5.1.1' ],
14 silly audit   'random-bytes': [ '1.0.0' ],
14 silly audit   'random-js': [ '2.1.0' ],
14 silly audit   randombytes: [ '2.0.3' ],
14 silly audit   randomstring: [ '1.3.0' ],
14 silly audit   'range-parser': [ '1.2.1' ],
14 silly audit   read: [ '1.0.7' ],
14 silly audit   'red-contrib-socketcan': [ '1.0.0' ],
14 silly audit   socketcan: [ '2.9.1', '3.0.0' ],
14 silly audit   'regenerator-runtime': [ '0.14.1' ],
14 silly audit   reinterval: [ '1.1.0' ],
14 silly audit   request: [ '2.88.2' ],
14 silly audit   'request-promise': [ '4.2.6' ],
14 silly audit   'request-promise-core': [ '1.1.4' ],
14 silly audit   'tough-cookie': [ '2.5.0', '4.1.3' ],
14 silly audit   uuid: [ '3.4.0', '9.0.0' ],
14 silly audit   'require-from-string': [ '2.0.2' ],
14 silly audit   'requires-port': [ '1.0.0' ],
14 silly audit   'resolve-alpn': [ '1.2.1' ],
14 silly audit   responselike: [ '3.0.0' ],
14 silly audit   rfdc: [ '1.4.1' ],
14 silly audit   rimraf: [ '3.0.2' ],
14 silly audit   'safer-buffer': [ '2.1.2' ],
14 silly audit   sax: [ '1.4.1' ],
14 silly audit   'seq-queue': [ '0.0.5' ],
14 silly audit   serialport: [ '11.0.1' ],
14 silly audit   'set-blocking': [ '2.0.0' ],
14 silly audit   'set-function-length': [ '1.2.2' ],
14 silly audit   'side-channel': [ '1.0.6' ],
14 silly audit   'signal-exit': [ '3.0.7' ],
14 silly audit   'socket.io': [ '4.8.0' ],
14 silly audit   'socket.io-adapter': [ '2.5.5' ],
14 silly audit   'socket.io-parser': [ '4.2.4' ],
14 silly audit   split2: [ '3.2.2' ],
14 silly audit   sqlstring: [ '2.3.3' ],
14 silly audit   sshpk: [ '1.18.0' ],
14 silly audit   'stealthy-require': [ '1.1.1' ],
14 silly audit   'stream-shift': [ '1.0.3' ],
14 silly audit   streamsearch: [ '1.1.0' ],
14 silly audit   'string-width': [ '4.2.3' ],
14 silly audit   'strip-ansi': [ '6.0.1' ],
14 silly audit   suncalc: [ '1.9.0' ],
14 silly audit   suncalc2: [ '1.8.1' ],
14 silly audit   tar: [ '6.2.1' ],
14 silly audit   'thethingbox-node-timestamp': [ '2.0.0' ],
14 silly audit   universalify: [ '0.2.0', '2.0.1' ],
14 silly audit   tr46: [ '0.0.3' ],
14 silly audit   tslib: [ '2.7.0' ],
14 silly audit   'tunnel-agent': [ '0.6.0' ],
14 silly audit   tweetnacl: [ '0.14.5' ],
14 silly audit   'type-is': [ '1.6.18' ],
14 silly audit   typedarray: [ '0.0.6' ],
14 silly audit   'uglify-js': [ '3.17.4' ],
14 silly audit   'uid-safe': [ '2.1.5' ],
14 silly audit   uid2: [ '0.0.4' ],
14 silly audit   'undici-types': [ '6.19.8' ],
14 silly audit   unpipe: [ '1.0.0' ],
14 silly audit   'uri-js': [ '4.4.1' ],
14 silly audit   'url-parse': [ '1.5.10' ],
14 silly audit   utf8: [ '2.1.2' ],
14 silly audit   util: [ '0.12.5' ],
14 silly audit   'util-deprecate': [ '1.0.2' ],
14 silly audit   'utils-merge': [ '1.0.1' ],
14 silly audit   vary: [ '1.1.2' ],
14 silly audit   verror: [ '1.10.0' ],
14 silly audit   web3: [ '0.18.4' ],
14 silly audit   'webidl-conversions': [ '3.0.1' ],
14 silly audit   'whatwg-url': [ '5.0.0' ],
14 silly audit   'which-typed-array': [ '1.1.15' ],
14 silly audit   'wide-align': [ '1.1.5' ],
14 silly audit   wrappy: [ '1.0.2' ],
14 silly audit   xhr2: [ '0.2.1' ],
14 silly audit   xml2js: [ '0.6.2' ],
14 silly audit   xmlbuilder: [ '11.0.1' ],
14 silly audit   xmlhttprequest: [ '1.8.0' ],
14 silly audit   xtend: [ '4.0.2' ]
14 silly audit }
15 http fetch POST 200 https://registry.npmjs.org/-/npm/v1/security/advisories/bulk 327ms
16 silly audit report {
16 silly audit report   'body-parser': [
16 silly audit report     {
16 silly audit report       id: 1099520,
16 silly audit report       url: 'https://github.com/advisories/GHSA-qwcr-r2fm-qrc7',
16 silly audit report       title: 'body-parser vulnerable to denial of service when url encoding is enabled',
16 silly audit report       severity: 'high',
16 silly audit report       vulnerable_versions: '<1.20.3',
16 silly audit report       cwe: [Array],
16 silly audit report       cvss: [Object]
16 silly audit report     }
16 silly audit report   ],
16 silly audit report   express: [
16 silly audit report     {
16 silly audit report       id: 1099529,
16 silly audit report       url: 'https://github.com/advisories/GHSA-qw6h-vgh9-j6wx',
16 silly audit report       title: 'express vulnerable to XSS via response.redirect()',
16 silly audit report       severity: 'moderate',
16 silly audit report       vulnerable_versions: '<4.20.0',
16 silly audit report       cwe: [Array],
16 silly audit report       cvss: [Object]
16 silly audit report     },
16 silly audit report     {
16 silly audit report       id: 1096820,
16 silly audit report       url: 'https://github.com/advisories/GHSA-rv95-896h-c2vc',
16 silly audit report       title: 'Express.js Open Redirect in malformed URLs',
16 silly audit report       severity: 'moderate',
16 silly audit report       vulnerable_versions: '<4.19.2',
16 silly audit report       cwe: [Array],
16 silly audit report       cvss: [Object]
16 silly audit report     }
16 silly audit report   ],
16 silly audit report   'path-to-regexp': [
16 silly audit report     {
16 silly audit report       id: 1099562,
16 silly audit report       url: 'https://github.com/advisories/GHSA-9wv6-86v2-598j',
16 silly audit report       title: 'path-to-regexp outputs backtracking regular expressions',
16 silly audit report       severity: 'high',
16 silly audit report       vulnerable_versions: '<0.1.10',
16 silly audit report       cwe: [Array],
16 silly audit report       cvss: [Object]
16 silly audit report     }
16 silly audit report   ],
16 silly audit report   qs: [
16 silly audit report     {
16 silly audit report       id: 1096472,
16 silly audit report       url: 'https://github.com/advisories/GHSA-hrpp-h998-j3pp',
16 silly audit report       title: 'qs vulnerable to Prototype Pollution',
16 silly audit report       severity: 'high',
16 silly audit report       vulnerable_versions: '>=6.7.0 <6.7.3',
16 silly audit report       cwe: [Array],
16 silly audit report       cvss: [Object]
16 silly audit report     }
16 silly audit report   ],
16 silly audit report   send: [
16 silly audit report     {
16 silly audit report       id: 1099525,
16 silly audit report       url: 'https://github.com/advisories/GHSA-m6fv-jmcg-4jfg',
16 silly audit report       title: 'send vulnerable to template injection that can lead to XSS',
16 silly audit report       severity: 'moderate',
16 silly audit report       vulnerable_versions: '<0.19.0',
16 silly audit report       cwe: [Array],
16 silly audit report       cvss: [Object]
16 silly audit report     }
16 silly audit report   ],
16 silly audit report   'serve-static': [
16 silly audit report     {
16 silly audit report       id: 1099527,
16 silly audit report       url: 'https://github.com/advisories/GHSA-cm22-4g7w-348p',
16 silly audit report       title: 'serve-static vulnerable to template injection that can lead to XSS',
16 silly audit report       severity: 'moderate',
16 silly audit report       vulnerable_versions: '<1.16.0',
16 silly audit report       cwe: [Array],
16 silly audit report       cvss: [Object]
16 silly audit report     }
16 silly audit report   ],
16 silly audit report   'crypto-js': [
16 silly audit report     {
16 silly audit report       id: 1096365,
16 silly audit report       url: 'https://github.com/advisories/GHSA-xwcq-pm8m-c4vf',
16 silly audit report       title: 'crypto-js PBKDF2 1,000 times weaker than specified in 1993 and 1.3M times weaker than current standard',
16 silly audit report       severity: 'critical',
16 silly audit report       vulnerable_versions: '<4.2.0',
16 silly audit report       cwe: [Array],
16 silly audit report       cvss: [Object]
16 silly audit report     }
16 silly audit report   ],
16 silly audit report   elliptic: [
16 silly audit report     {
16 silly audit report       id: 1093391,
16 silly audit report       url: 'https://github.com/advisories/GHSA-r9p9-mrjm-926w',
16 silly audit report       title: 'Elliptic Uses a Broken or Risky Cryptographic Algorithm',
16 silly audit report       severity: 'moderate',
16 silly audit report       vulnerable_versions: '<6.5.4',
16 silly audit report       cwe: [Array],
16 silly audit report       cvss: [Object]
16 silly audit report     },
16 silly audit report     {
16 silly audit report       id: 1098594,
16 silly audit report       url: 'https://github.com/advisories/GHSA-977x-g7h5-7qgw',
16 silly audit report       title: "Elliptic's ECDSA missing check for whether leading bit of r and s is zero",
16 silly audit report       severity: 'low',
16 silly audit report       vulnerable_versions: '>=2.0.0 <=6.5.6',
16 silly audit report       cwe: [Array],
16 silly audit report       cvss: [Object]
16 silly audit report     },
16 silly audit report     {
16 silly audit report       id: 1095023,
16 silly audit report       url: 'https://github.com/advisories/GHSA-vh7m-p724-62c2',
16 silly audit report       title: 'Signature Malleabillity in elliptic',
16 silly audit report       severity: 'high',
16 silly audit report       vulnerable_versions: '<6.5.3',
16 silly audit report       cwe: [Array],
16 silly audit report       cvss: [Object]
16 silly audit report     }
16 silly audit report   ],
16 silly audit report   lodash: [
16 silly audit report     {
16 silly audit report       id: 1097130,
16 silly audit report       url: 'https://github.com/advisories/GHSA-fvqr-27wr-82fm',
16 silly audit report       title: 'Prototype Pollution in lodash',
16 silly audit report       severity: 'moderate',
16 silly audit report       vulnerable_versions: '<4.17.5',
16 silly audit report       cwe: [Array],
16 silly audit report       cvss: [Object]
16 silly audit report     },
16 silly audit report     {
16 silly audit report       id: 1096996,
16 silly audit report       url: 'https://github.com/advisories/GHSA-35jh-r3h4-6jhm',
16 silly audit report       title: 'Command Injection in lodash',
16 silly audit report       severity: 'high',
16 silly audit report       vulnerable_versions: '<4.17.21',
16 silly audit report       cwe: [Array],
16 silly audit report       cvss: [Object]
16 silly audit report     },
16 silly audit report     {
16 silly audit report       id: 1097140,
16 silly audit report       url: 'https://github.com/advisories/GHSA-jf85-cpcp-j695',
16 silly audit report       title: 'Prototype Pollution in lodash',
16 silly audit report       severity: 'critical',
16 silly audit report       vulnerable_versions: '<4.17.12',
16 silly audit report       cwe: [Array],
16 silly audit report       cvss: [Object]
16 silly audit report     },
16 silly audit report     {
16 silly audit report       id: 1094499,
16 silly audit report       url: 'https://github.com/advisories/GHSA-4xc9-xhrj-v574',
16 silly audit report       title: 'Prototype Pollution in lodash',
16 silly audit report       severity: 'high',
16 silly audit report       vulnerable_versions: '<4.17.11',
16 silly audit report       cwe: [Array],
16 silly audit report       cvss: [Object]
16 silly audit report     },
16 silly audit report     {
16 silly audit report       id: 1094500,
16 silly audit report       url: 'https://github.com/advisories/GHSA-29mw-wpgm-hmr9',
16 silly audit report       title: 'Regular Expression Denial of Service (ReDoS) in lodash',
16 silly audit report       severity: 'moderate',
16 silly audit report       vulnerable_versions: '<4.17.21',
16 silly audit report       cwe: [Array],
16 silly audit report       cvss: [Object]
16 silly audit report     },
16 silly audit report     {
16 silly audit report       id: 1096305,
16 silly audit report       url: 'https://github.com/advisories/GHSA-p6mc-m468-83gw',
16 silly audit report       title: 'Prototype Pollution in lodash',
16 silly audit report       severity: 'high',
16 silly audit report       vulnerable_versions: '>=3.7.0 <4.17.19',
16 silly audit report       cwe: [Array],
16 silly audit report       cvss: [Object]
16 silly audit report     },
16 silly audit report     {
16 silly audit report       id: 1085674,
16 silly audit report       url: 'https://github.com/advisories/GHSA-x5rq-j2xg-h7qm',
16 silly audit report       title: 'Regular Expression Denial of Service (ReDoS) in lodash',
16 silly audit report       severity: 'moderate',
16 silly audit report       vulnerable_versions: '<4.17.11',
16 silly audit report       cwe: [Array],
16 silly audit report       cvss: [Object]
16 silly audit report     }
16 silly audit report   ],
16 silly audit report   request: [
16 silly audit report     {
16 silly audit report       id: 1096727,
16 silly audit report       url: 'https://github.com/advisories/GHSA-p8p7-x288-28g6',
16 silly audit report       title: 'Server-Side Request Forgery in Request',
16 silly audit report       severity: 'moderate',
16 silly audit report       vulnerable_versions: '<=2.88.2',
16 silly audit report       cwe: [Array],
16 silly audit report       cvss: [Object]
16 silly audit report     }
16 silly audit report   ],
16 silly audit report   'tough-cookie': [
16 silly audit report     {
16 silly audit report       id: 1097682,
16 silly audit report       url: 'https://github.com/advisories/GHSA-72xf-g2v4-qvf3',
16 silly audit report       title: 'tough-cookie Prototype Pollution vulnerability',
16 silly audit report       severity: 'moderate',
16 silly audit report       vulnerable_versions: '<4.1.3',
16 silly audit report       cwe: [Array],
16 silly audit report       cvss: [Object]
16 silly audit report     }
16 silly audit report   ],
16 silly audit report   web3: [
16 silly audit report     {
16 silly audit report       id: 1085584,
16 silly audit report       url: 'https://github.com/advisories/GHSA-27v7-qhfv-rqq8',
16 silly audit report       title: 'Insecure Credential Storage in web3',
16 silly audit report       severity: 'low',
16 silly audit report       vulnerable_versions: '<=1.5.2',
16 silly audit report       cwe: [],
16 silly audit report       cvss: [Object]
16 silly audit report     }
16 silly audit report   ]
16 silly audit report }
17 silly packumentCache corgi:https://registry.npmjs.org/body-parser cache-miss
18 silly packumentCache corgi:https://registry.npmjs.org/express cache-miss
19 silly packumentCache corgi:https://registry.npmjs.org/path-to-regexp cache-miss
20 silly packumentCache corgi:https://registry.npmjs.org/qs cache-miss
21 silly packumentCache corgi:https://registry.npmjs.org/send cache-miss
22 silly packumentCache corgi:https://registry.npmjs.org/serve-static cache-miss
23 silly packumentCache corgi:https://registry.npmjs.org/crypto-js cache-miss
24 silly packumentCache corgi:https://registry.npmjs.org/elliptic cache-miss
25 silly packumentCache corgi:https://registry.npmjs.org/lodash cache-miss
26 silly packumentCache corgi:https://registry.npmjs.org/request cache-miss
27 silly packumentCache corgi:https://registry.npmjs.org/tough-cookie cache-miss
28 silly packumentCache corgi:https://registry.npmjs.org/web3 cache-miss
29 http fetch GET 200 https://registry.npmjs.org/send 79ms (cache hit)
30 silly packumentCache corgi:https://registry.npmjs.org/send set size:58787 disposed:false
31 http fetch GET 200 https://registry.npmjs.org/body-parser 86ms (cache hit)
32 silly packumentCache corgi:https://registry.npmjs.org/body-parser set size:71304 disposed:false
33 http fetch GET 200 https://registry.npmjs.org/crypto-js 82ms (cache hit)
34 silly packumentCache corgi:https://registry.npmjs.org/crypto-js set size:16289 disposed:false
35 http fetch GET 200 https://registry.npmjs.org/serve-static 85ms (cache hit)
36 silly packumentCache corgi:https://registry.npmjs.org/serve-static set size:55328 disposed:false
37 http fetch GET 200 https://registry.npmjs.org/path-to-regexp 88ms (cache hit)
38 silly packumentCache corgi:https://registry.npmjs.org/path-to-regexp set size:61187 disposed:false
39 http fetch GET 200 https://registry.npmjs.org/lodash 85ms (cache hit)
40 silly packumentCache corgi:https://registry.npmjs.org/lodash set size:67972 disposed:false
41 http fetch GET 200 https://registry.npmjs.org/elliptic 94ms (cache hit)
42 silly packumentCache corgi:https://registry.npmjs.org/elliptic set size:64999 disposed:false
43 http fetch GET 200 https://registry.npmjs.org/request 94ms (cache hit)
44 silly packumentCache corgi:https://registry.npmjs.org/request set size:129997 disposed:false
45 http fetch GET 200 https://registry.npmjs.org/qs 105ms (cache hit)
46 silly packumentCache corgi:https://registry.npmjs.org/qs set size:107112 disposed:false
47 http fetch GET 200 https://registry.npmjs.org/express 115ms (cache hit)
48 silly packumentCache corgi:https://registry.npmjs.org/express set size:316096 disposed:false
49 http fetch GET 200 https://registry.npmjs.org/tough-cookie 117ms (cache hit)
50 silly packumentCache corgi:https://registry.npmjs.org/tough-cookie set size:45590 disposed:false
51 http fetch GET 200 https://registry.npmjs.org/web3 122ms (cache hit)
52 silly packumentCache corgi:https://registry.npmjs.org/web3 set size:857627 disposed:false
53 silly packumentCache corgi:https://registry.npmjs.org/node-red-dashboard cache-miss
54 http fetch GET 200 https://registry.npmjs.org/node-red-dashboard 8ms (cache hit)
55 silly packumentCache corgi:https://registry.npmjs.org/node-red-dashboard set size:279592 disposed:false
56 silly packumentCache corgi:https://registry.npmjs.org/bitcore-lib cache-miss
57 http fetch GET 200 https://registry.npmjs.org/bitcore-lib 5ms (cache hit)
58 silly packumentCache corgi:https://registry.npmjs.org/bitcore-lib set size:157685 disposed:false
59 silly packumentCache corgi:https://registry.npmjs.org/javascript-opentimestamps cache-miss
60 silly packumentCache corgi:https://registry.npmjs.org/request-promise cache-miss
61 silly packumentCache corgi:https://registry.npmjs.org/request-promise-core cache-miss
62 http fetch GET 200 https://registry.npmjs.org/request-promise 10ms (cache hit)
63 silly packumentCache corgi:https://registry.npmjs.org/request-promise set size:45088 disposed:false
64 http fetch GET 200 https://registry.npmjs.org/javascript-opentimestamps 13ms (cache hit)
65 silly packumentCache corgi:https://registry.npmjs.org/javascript-opentimestamps set size:44177 disposed:false
66 http fetch GET 200 https://registry.npmjs.org/request-promise-core 13ms (cache hit)
67 silly packumentCache corgi:https://registry.npmjs.org/request-promise-core set size:6997 disposed:false
68 silly packumentCache corgi:https://registry.npmjs.org/bitcore-message cache-miss
69 http fetch GET 200 https://registry.npmjs.org/bitcore-message 7ms (cache hit)
70 silly packumentCache corgi:https://registry.npmjs.org/bitcore-message set size:6633 disposed:false
71 silly packumentCache corgi:https://registry.npmjs.org/node-red-contrib-opentimestamps cache-miss
72 http fetch GET 200 https://registry.npmjs.org/node-red-contrib-opentimestamps 3ms (cache hit)
73 silly packumentCache corgi:https://registry.npmjs.org/node-red-contrib-opentimestamps set size:3676 disposed:false
74 warn audit Updating express to 4.21.0, which is outside your stated dependency range.
75 warn audit Updating express to 4.21.0, which is outside your stated dependency range.
76 warn audit No fix available for node-red-contrib-opentimestamps@*
77 silly idealTree buildDeps
78 silly fetch manifest body-parser@1.19.0
79 silly packumentCache full:https://registry.npmjs.org/body-parser cache-miss
80 http fetch GET 200 https://registry.npmjs.org/body-parser 235ms (cache revalidated)
81 silly packumentCache full:https://registry.npmjs.org/body-parser set size:202613 disposed:false
82 silly fetch manifest express@4.21.0
83 silly packumentCache full:https://registry.npmjs.org/express cache-miss
84 http fetch GET 200 https://registry.npmjs.org/express 99ms (cache updated)
85 silly packumentCache full:https://registry.npmjs.org/express set size:undefined disposed:false
86 silly fetch manifest node-red-contrib-opentimestamps@0.0.7
87 silly packumentCache full:https://registry.npmjs.org/node-red-contrib-opentimestamps cache-miss
88 http fetch GET 200 https://registry.npmjs.org/node-red-contrib-opentimestamps 565ms (cache revalidated)
89 silly packumentCache full:https://registry.npmjs.org/node-red-contrib-opentimestamps set size:30622 disposed:false
90 silly placeDep ROOT body-parser@1.19.0 KEEP for: ESP32_i_like_hamburgers@0.0.1 want: 1.19.0
91 silly placeDep ROOT express@4.21.0 REPLACE for: ESP32_i_like_hamburgers@0.0.1 want: 4.21.0
92 silly placeDep ROOT node-red-contrib-opentimestamps@0.0.7 KEEP for: ESP32_i_like_hamburgers@0.0.1 want: 0.0.7
93 silly fetch manifest qs@6.13.0
94 silly packumentCache full:https://registry.npmjs.org/qs cache-miss
95 silly fetch manifest depd@2.0.0
96 silly packumentCache full:https://registry.npmjs.org/depd cache-miss
97 silly fetch manifest send@0.19.0
98 silly packumentCache full:https://registry.npmjs.org/send cache-miss
99 silly fetch manifest encodeurl@~2.0.0
100 silly packumentCache full:https://registry.npmjs.org/encodeurl cache-miss
101 silly fetch manifest body-parser@1.20.3
102 silly packumentCache full:https://registry.npmjs.org/body-parser cache-hit
103 silly fetch manifest http-errors@2.0.0
104 silly packumentCache full:https://registry.npmjs.org/http-errors cache-miss
105 silly fetch manifest on-finished@2.4.1
106 silly packumentCache full:https://registry.npmjs.org/on-finished cache-miss
107 silly fetch manifest finalhandler@1.3.1
108 silly packumentCache full:https://registry.npmjs.org/finalhandler cache-miss
109 http fetch GET 200 https://registry.npmjs.org/qs 81ms (cache revalidated)
110 silly packumentCache full:https://registry.npmjs.org/qs set size:256693 disposed:false
111 silly fetch manifest serve-static@1.16.2
112 silly packumentCache full:https://registry.npmjs.org/serve-static cache-miss
113 http fetch GET 200 https://registry.npmjs.org/depd 129ms (cache revalidated)
114 silly packumentCache full:https://registry.npmjs.org/depd set size:40182 disposed:false
115 silly fetch manifest path-to-regexp@0.1.10
116 silly packumentCache full:https://registry.npmjs.org/path-to-regexp cache-miss
117 http fetch GET 200 https://registry.npmjs.org/on-finished 133ms (cache revalidated)
118 silly packumentCache full:https://registry.npmjs.org/on-finished set size:23152 disposed:false
119 silly fetch manifest merge-descriptors@1.0.3
120 silly packumentCache full:https://registry.npmjs.org/merge-descriptors cache-miss
121 http fetch GET 200 https://registry.npmjs.org/http-errors 155ms (cache revalidated)
122 silly packumentCache full:https://registry.npmjs.org/http-errors set size:69476 disposed:false
123 http fetch GET 200 https://registry.npmjs.org/encodeurl 162ms (cache revalidated)
124 silly packumentCache full:https://registry.npmjs.org/encodeurl set size:12296 disposed:false
125 http fetch GET 200 https://registry.npmjs.org/send 172ms (cache revalidated)
126 silly packumentCache full:https://registry.npmjs.org/send set size:142675 disposed:false
127 http fetch GET 200 https://registry.npmjs.org/serve-static 100ms (cache revalidated)
128 silly packumentCache full:https://registry.npmjs.org/serve-static set size:144171 disposed:false
129 http fetch GET 200 https://registry.npmjs.org/path-to-regexp 77ms (cache revalidated)
130 silly packumentCache full:https://registry.npmjs.org/path-to-regexp set size:192379 disposed:false
131 http fetch GET 200 https://registry.npmjs.org/finalhandler 211ms (cache revalidated)
132 silly packumentCache full:https://registry.npmjs.org/finalhandler set size:72178 disposed:false
133 http fetch GET 200 https://registry.npmjs.org/merge-descriptors 88ms (cache revalidated)
134 silly packumentCache full:https://registry.npmjs.org/merge-descriptors set size:16527 disposed:false
135 silly fetch manifest elliptic@=3.0.3
136 silly packumentCache full:https://registry.npmjs.org/elliptic cache-miss
137 http fetch GET 200 https://registry.npmjs.org/elliptic 54ms (cache revalidated)
138 silly packumentCache full:https://registry.npmjs.org/elliptic set size:145646 disposed:false
139 silly fetch manifest lodash@=3.10.1
140 silly packumentCache full:https://registry.npmjs.org/lodash cache-miss
141 http fetch GET 200 https://registry.npmjs.org/lodash 124ms (cache updated)
142 silly packumentCache full:https://registry.npmjs.org/lodash set size:undefined disposed:false
143 silly placeDep ROOT elliptic@3.0.3 KEEP for: bitcore-lib@0.13.19 want: =3.0.3
144 silly placeDep ROOT lodash@3.10.1 KEEP for: bitcore-lib@0.13.19 want: =3.10.1
145 silly fetch manifest bitcore-lib@^0.13.7
146 silly packumentCache full:https://registry.npmjs.org/bitcore-lib cache-miss
147 http fetch GET 200 https://registry.npmjs.org/bitcore-lib 60ms (cache revalidated)
148 silly packumentCache full:https://registry.npmjs.org/bitcore-lib set size:297946 disposed:false
149 silly placeDep ROOT bitcore-lib@0.13.19 KEEP for: bitcore-message@1.0.4 want: ^0.13.7
150 silly fetch manifest qs@6.7.0
151 silly packumentCache full:https://registry.npmjs.org/qs cache-hit
152 silly placeDep ROOT qs@6.7.0 KEEP for: body-parser@1.19.0 want: 6.7.0
153 silly placeDep node_modules/express body-parser@1.20.3 OK for: express@4.21.0 want: 1.20.3
154 silly placeDep node_modules/express depd@2.0.0 OK for: express@4.21.0 want: 2.0.0
155 silly placeDep node_modules/express encodeurl@2.0.0 OK for: express@4.21.0 want: ~2.0.0
156 silly placeDep ROOT finalhandler@1.3.1 OK for: express@4.21.0 want: 1.3.1
157 silly placeDep node_modules/express http-errors@2.0.0 OK for: express@4.21.0 want: 2.0.0
158 silly placeDep ROOT merge-descriptors@1.0.3 OK for: express@4.21.0 want: 1.0.3
159 silly placeDep node_modules/express on-finished@2.4.1 OK for: express@4.21.0 want: 2.4.1
160 silly placeDep ROOT path-to-regexp@0.1.10 OK for: express@4.21.0 want: 0.1.10
161 silly placeDep node_modules/express qs@6.13.0 OK for: express@4.21.0 want: 6.13.0
162 silly placeDep node_modules/express send@0.19.0 OK for: express@4.21.0 want: 0.19.0
163 silly placeDep ROOT serve-static@1.16.2 REPLACE for: express@4.21.0 want: 1.16.2
164 silly fetch manifest bytes@3.1.2
165 silly packumentCache full:https://registry.npmjs.org/bytes cache-miss
166 silly fetch manifest raw-body@2.5.2
167 silly packumentCache full:https://registry.npmjs.org/raw-body cache-miss
168 silly fetch manifest inherits@2.0.4
169 silly packumentCache full:https://registry.npmjs.org/inherits cache-miss
170 silly fetch manifest toidentifier@1.0.1
171 silly packumentCache full:https://registry.npmjs.org/toidentifier cache-miss
172 silly fetch manifest ms@2.1.3
173 silly packumentCache full:https://registry.npmjs.org/ms cache-miss
174 silly fetch manifest mime@1.6.0
175 silly packumentCache full:https://registry.npmjs.org/mime cache-miss
176 silly fetch manifest encodeurl@~1.0.2
177 silly packumentCache full:https://registry.npmjs.org/encodeurl cache-hit
178 http fetch GET 200 https://registry.npmjs.org/ms 65ms (cache revalidated)
179 silly packumentCache full:https://registry.npmjs.org/ms set size:84885 disposed:false
180 http fetch GET 200 https://registry.npmjs.org/inherits 79ms (cache revalidated)
181 silly packumentCache full:https://registry.npmjs.org/inherits set size:12925 disposed:false
182 http fetch GET 200 https://registry.npmjs.org/raw-body 83ms (cache revalidated)
183 silly packumentCache full:https://registry.npmjs.org/raw-body set size:108717 disposed:false
184 http fetch GET 200 https://registry.npmjs.org/toidentifier 82ms (cache revalidated)
185 silly packumentCache full:https://registry.npmjs.org/toidentifier set size:12006 disposed:false
186 http fetch GET 200 https://registry.npmjs.org/bytes 88ms (cache revalidated)
187 silly packumentCache full:https://registry.npmjs.org/bytes set size:37018 disposed:false
188 http fetch GET 200 https://registry.npmjs.org/mime 99ms (cache revalidated)
189 silly packumentCache full:https://registry.npmjs.org/mime set size:119814 disposed:false
190 silly placeDep ROOT encodeurl@2.0.0 OK for: finalhandler@1.3.1 want: ~2.0.0
191 silly placeDep node_modules/finalhandler on-finished@2.4.1 OK for: finalhandler@1.3.1 want: 2.4.1
192 silly fetch manifest bitcore-message@^1.0.4
193 silly packumentCache full:https://registry.npmjs.org/bitcore-message cache-miss
194 http fetch GET 200 https://registry.npmjs.org/bitcore-message 545ms (cache revalidated)
195 silly packumentCache full:https://registry.npmjs.org/bitcore-message set size:19271 disposed:false
196 silly fetch manifest request@^2.79.0
197 silly packumentCache full:https://registry.npmjs.org/request cache-miss
198 http fetch GET 200 https://registry.npmjs.org/request 79ms (cache revalidated)
199 silly packumentCache full:https://registry.npmjs.org/request set size:307300 disposed:false
200 silly fetch manifest request-promise@^4.1.1
201 silly packumentCache full:https://registry.npmjs.org/request-promise cache-miss
202 http fetch GET 200 https://registry.npmjs.org/request-promise 57ms (cache revalidated)
203 silly packumentCache full:https://registry.npmjs.org/request-promise set size:127456 disposed:false
204 silly fetch manifest web3@^0.18.2
205 silly packumentCache full:https://registry.npmjs.org/web3 cache-miss
206 http fetch GET 200 https://registry.npmjs.org/web3 109ms (cache revalidated)
207 silly packumentCache full:https://registry.npmjs.org/web3 set size:2245246 disposed:false
208 silly placeDep ROOT bitcore-lib@0.13.19 KEEP for: javascript-opentimestamps@0.1.18 want: ^0.13.7
209 silly placeDep ROOT bitcore-message@1.0.4 KEEP for: javascript-opentimestamps@0.1.18 want: ^1.0.4
210 silly placeDep ROOT request@2.88.2 KEEP for: javascript-opentimestamps@0.1.18 want: ^2.79.0
211 silly placeDep ROOT request-promise@4.2.6 KEEP for: javascript-opentimestamps@0.1.18 want: ^4.1.1
212 silly placeDep ROOT web3@0.18.4 KEEP for: javascript-opentimestamps@0.1.18 want: ^0.18.2
213 silly fetch manifest javascript-opentimestamps@0.1.18
214 silly packumentCache full:https://registry.npmjs.org/javascript-opentimestamps cache-miss
215 http fetch GET 200 https://registry.npmjs.org/javascript-opentimestamps 559ms (cache revalidated)
216 silly packumentCache full:https://registry.npmjs.org/javascript-opentimestamps set size:97451 disposed:false
217 silly placeDep ROOT javascript-opentimestamps@0.1.18 KEEP for: node-red-contrib-opentimestamps@0.0.7 want: 0.1.18
218 silly fetch manifest tough-cookie@~2.5.0
219 silly packumentCache full:https://registry.npmjs.org/tough-cookie cache-miss
220 http fetch GET 200 https://registry.npmjs.org/tough-cookie 75ms (cache revalidated)
221 silly packumentCache full:https://registry.npmjs.org/tough-cookie set size:113598 disposed:false
222 silly placeDep node_modules/request tough-cookie@2.5.0 KEEP for: request@2.88.2 want: ~2.5.0
223 silly fetch manifest request@^2.34
224 silly packumentCache full:https://registry.npmjs.org/request cache-hit
225 silly fetch manifest request-promise-core@1.1.4
226 silly packumentCache full:https://registry.npmjs.org/request-promise-core cache-miss
227 http fetch GET 200 https://registry.npmjs.org/request-promise-core 133ms (cache revalidated)
228 silly packumentCache full:https://registry.npmjs.org/request-promise-core set size:18969 disposed:false
229 silly fetch manifest tough-cookie@^2.3.3
230 silly packumentCache full:https://registry.npmjs.org/tough-cookie cache-hit
231 silly placeDep ROOT request@2.88.2 KEEP for: request-promise@4.2.6 want: ^2.34
232 silly placeDep ROOT request-promise-core@1.1.4 KEEP for: request-promise@4.2.6 want: 1.1.4
233 silly placeDep node_modules/request-promise tough-cookie@2.5.0 KEEP for: request-promise@4.2.6 want: ^2.3.3
234 silly placeDep ROOT request@2.88.2 KEEP for: request-promise-core@1.1.4 want: ^2.34
235 silly placeDep ROOT send@0.19.0 OK for: serve-static@1.16.2 want: 0.19.0
236 silly placeDep node_modules/send depd@2.0.0 OK for: send@0.19.0 want: 2.0.0
237 silly placeDep node_modules/send encodeurl@1.0.2 OK for: send@0.19.0 want: ~1.0.2
238 silly placeDep node_modules/send http-errors@2.0.0 OK for: send@0.19.0 want: 2.0.0
239 silly placeDep node_modules/send mime@1.6.0 OK for: send@0.19.0 want: 1.6.0
240 silly placeDep node_modules/send ms@2.1.3 OK for: send@0.19.0 want: 2.1.3
241 silly placeDep node_modules/send on-finished@2.4.1 OK for: send@0.19.0 want: 2.4.1
242 silly fetch manifest crypto-js@^3.1.4
243 silly packumentCache full:https://registry.npmjs.org/crypto-js cache-miss
244 http fetch GET 200 https://registry.npmjs.org/crypto-js 71ms (cache revalidated)
245 silly packumentCache full:https://registry.npmjs.org/crypto-js set size:45588 disposed:false
246 silly placeDep ROOT crypto-js@3.3.0 KEEP for: web3@0.18.4 want: ^3.1.4
247 silly placeDep node_modules/express bytes@3.1.2 OK for: body-parser@1.20.3 want: 3.1.2
248 silly placeDep node_modules/express raw-body@2.5.2 OK for: body-parser@1.20.3 want: 2.5.2
249 silly placeDep node_modules/express inherits@2.0.4 OK for: http-errors@2.0.0 want: 2.0.4
250 silly placeDep node_modules/express toidentifier@1.0.1 OK for: http-errors@2.0.0 want: 1.0.1
251 silly placeDep node_modules/send inherits@2.0.4 OK for: http-errors@2.0.0 want: 2.0.4
252 silly placeDep node_modules/send toidentifier@1.0.1 OK for: http-errors@2.0.0 want: 1.0.1
253 silly reify mark retired [ '/data/node_modules/@node-red/editor-api/node_modules/encodeurl' ]
254 silly reify mark retired [ '/data/node_modules/@node-red/editor-api/node_modules/express' ]
255 silly reify mark retired [ '/data/node_modules/@node-red/editor-api/node_modules/finalhandler' ]
256 silly reify mark retired [
256 silly reify   '/data/node_modules/@node-red/editor-api/node_modules/merge-descriptors'
256 silly reify ]
257 silly reify mark retired [ '/data/node_modules/@node-red/editor-api/node_modules/ms' ]
258 silly reify mark retired [
258 silly reify   '/data/node_modules/@node-red/editor-api/node_modules/path-to-regexp'
258 silly reify ]
259 silly reify mark retired [ '/data/node_modules/@node-red/editor-api/node_modules/send' ]
260 silly reify mark retired [ '/data/node_modules/@node-red/editor-api/node_modules/serve-static' ]
261 silly reify mark retired [ '/data/node_modules/@node-red/runtime/node_modules/body-parser' ]
262 silly reify mark retired [ '/data/node_modules/@node-red/runtime/node_modules/bytes' ]
263 silly reify mark retired [ '/data/node_modules/@node-red/runtime/node_modules/depd' ]
264 silly reify mark retired [ '/data/node_modules/@node-red/runtime/node_modules/encodeurl' ]
265 silly reify mark retired [ '/data/node_modules/@node-red/runtime/node_modules/express' ]
266 silly reify mark retired [ '/data/node_modules/@node-red/runtime/node_modules/finalhandler' ]
267 silly reify mark retired [ '/data/node_modules/@node-red/runtime/node_modules/http-errors' ]
268 silly reify mark retired [ '/data/node_modules/@node-red/runtime/node_modules/inherits' ]
269 silly reify mark retired [
269 silly reify   '/data/node_modules/@node-red/runtime/node_modules/merge-descriptors'
269 silly reify ]
270 silly reify mark retired [
270 silly reify   '/data/node_modules/@node-red/runtime/node_modules/mime',
270 silly reify   '/data/node_modules/@node-red/runtime/node_modules/.bin/mime'
270 silly reify ]
271 silly reify mark retired [ '/data/node_modules/@node-red/runtime/node_modules/ms' ]
272 silly reify mark retired [ '/data/node_modules/@node-red/runtime/node_modules/on-finished' ]
273 silly reify mark retired [ '/data/node_modules/@node-red/runtime/node_modules/path-to-regexp' ]
274 silly reify mark retired [ '/data/node_modules/@node-red/runtime/node_modules/qs' ]
275 silly reify mark retired [ '/data/node_modules/@node-red/runtime/node_modules/raw-body' ]
276 silly reify mark retired [ '/data/node_modules/@node-red/runtime/node_modules/send' ]
277 silly reify mark retired [ '/data/node_modules/@node-red/runtime/node_modules/serve-static' ]
278 silly reify mark retired [ '/data/node_modules/@node-red/runtime/node_modules/toidentifier' ]
279 silly reify mark retired [ '/data/node_modules/encodeurl' ]
280 silly reify mark retired [ '/data/node_modules/express' ]
281 silly reify mark retired [ '/data/node_modules/finalhandler' ]
282 silly reify mark retired [ '/data/node_modules/merge-descriptors' ]
283 silly reify mark retired [ '/data/node_modules/node-red/node_modules/body-parser' ]
284 silly reify mark retired [ '/data/node_modules/node-red/node_modules/bytes' ]
285 silly reify mark retired [ '/data/node_modules/node-red/node_modules/depd' ]
286 silly reify mark retired [ '/data/node_modules/node-red/node_modules/encodeurl' ]
287 silly reify mark retired [ '/data/node_modules/node-red/node_modules/express' ]
288 silly reify mark retired [ '/data/node_modules/node-red/node_modules/finalhandler' ]
289 silly reify mark retired [ '/data/node_modules/node-red/node_modules/http-errors' ]
290 silly reify mark retired [ '/data/node_modules/node-red/node_modules/inherits' ]
291 silly reify mark retired [ '/data/node_modules/node-red/node_modules/merge-descriptors' ]
292 silly reify mark retired [
292 silly reify   '/data/node_modules/node-red/node_modules/mime',
292 silly reify   '/data/node_modules/node-red/node_modules/.bin/mime'
292 silly reify ]
293 silly reify mark retired [ '/data/node_modules/node-red/node_modules/ms' ]
294 silly reify mark retired [ '/data/node_modules/node-red/node_modules/on-finished' ]
295 silly reify mark retired [ '/data/node_modules/node-red/node_modules/path-to-regexp' ]
296 silly reify mark retired [ '/data/node_modules/node-red/node_modules/qs' ]
297 silly reify mark retired [ '/data/node_modules/node-red/node_modules/raw-body' ]
298 silly reify mark retired [ '/data/node_modules/node-red/node_modules/send' ]
299 silly reify mark retired [ '/data/node_modules/node-red/node_modules/serve-static' ]
300 silly reify mark retired [ '/data/node_modules/node-red/node_modules/toidentifier' ]
301 silly reify mark retired [ '/data/node_modules/path-to-regexp' ]
302 silly reify mark retired [ '/data/node_modules/send' ]
303 silly reify mark retired [ '/data/node_modules/serve-static' ]
304 silly reify moves {
304 silly reify   '/data/node_modules/@node-red/editor-api/node_modules/encodeurl': '/data/node_modules/@node-red/editor-api/node_modules/.encodeurl-Xr1MOIlC',
304 silly reify   '/data/node_modules/@node-red/editor-api/node_modules/express': '/data/node_modules/@node-red/editor-api/node_modules/.express-H9bZWwCL',
304 silly reify   '/data/node_modules/@node-red/editor-api/node_modules/finalhandler': '/data/node_modules/@node-red/editor-api/node_modules/.finalhandler-CsXNA5eM',
304 silly reify   '/data/node_modules/@node-red/editor-api/node_modules/merge-descriptors': '/data/node_modules/@node-red/editor-api/node_modules/.merge-descriptors-je3QegEm',
304 silly reify   '/data/node_modules/@node-red/editor-api/node_modules/ms': '/data/node_modules/@node-red/editor-api/node_modules/.ms-yn134KNM',
304 silly reify   '/data/node_modules/@node-red/editor-api/node_modules/path-to-regexp': '/data/node_modules/@node-red/editor-api/node_modules/.path-to-regexp-H7mXHKW4',
304 silly reify   '/data/node_modules/@node-red/editor-api/node_modules/send': '/data/node_modules/@node-red/editor-api/node_modules/.send-rCbnpEQ4',
304 silly reify   '/data/node_modules/@node-red/editor-api/node_modules/serve-static': '/data/node_modules/@node-red/editor-api/node_modules/.serve-static-uGnbQC6s',
304 silly reify   '/data/node_modules/@node-red/runtime/node_modules/body-parser': '/data/node_modules/@node-red/runtime/node_modules/.body-parser-r0z7VITV',
304 silly reify   '/data/node_modules/@node-red/runtime/node_modules/bytes': '/data/node_modules/@node-red/runtime/node_modules/.bytes-YVDQZadG',
304 silly reify   '/data/node_modules/@node-red/runtime/node_modules/depd': '/data/node_modules/@node-red/runtime/node_modules/.depd-q710jpmf',
304 silly reify   '/data/node_modules/@node-red/runtime/node_modules/encodeurl': '/data/node_modules/@node-red/runtime/node_modules/.encodeurl-TYiYqn2Z',
304 silly reify   '/data/node_modules/@node-red/runtime/node_modules/express': '/data/node_modules/@node-red/runtime/node_modules/.express-CP780CXV',
304 silly reify   '/data/node_modules/@node-red/runtime/node_modules/finalhandler': '/data/node_modules/@node-red/runtime/node_modules/.finalhandler-dkWU249p',
304 silly reify   '/data/node_modules/@node-red/runtime/node_modules/http-errors': '/data/node_modules/@node-red/runtime/node_modules/.http-errors-kwwnwHT8',
304 silly reify   '/data/node_modules/@node-red/runtime/node_modules/inherits': '/data/node_modules/@node-red/runtime/node_modules/.inherits-56CkwYr3',
304 silly reify   '/data/node_modules/@node-red/runtime/node_modules/merge-descriptors': '/data/node_modules/@node-red/runtime/node_modules/.merge-descriptors-GmaHS1uo',
304 silly reify   '/data/node_modules/@node-red/runtime/node_modules/mime': '/data/node_modules/@node-red/runtime/node_modules/.mime-DUyWZhNY',
304 silly reify   '/data/node_modules/@node-red/runtime/node_modules/.bin/mime': '/data/node_modules/@node-red/runtime/node_modules/.bin/.mime-Zqu6jDUm',
304 silly reify   '/data/node_modules/@node-red/runtime/node_modules/ms': '/data/node_modules/@node-red/runtime/node_modules/.ms-nEzuC4rW',
304 silly reify   '/data/node_modules/@node-red/runtime/node_modules/on-finished': '/data/node_modules/@node-red/runtime/node_modules/.on-finished-tVgQ2wZM',
304 silly reify   '/data/node_modules/@node-red/runtime/node_modules/path-to-regexp': '/data/node_modules/@node-red/runtime/node_modules/.path-to-regexp-0YgZFPff',
304 silly reify   '/data/node_modules/@node-red/runtime/node_modules/qs': '/data/node_modules/@node-red/runtime/node_modules/.qs-NSZflw2Z',
304 silly reify   '/data/node_modules/@node-red/runtime/node_modules/raw-body': '/data/node_modules/@node-red/runtime/node_modules/.raw-body-nCcRFQrC',
304 silly reify   '/data/node_modules/@node-red/runtime/node_modules/send': '/data/node_modules/@node-red/runtime/node_modules/.send-G3cxHkkx',
304 silly reify   '/data/node_modules/@node-red/runtime/node_modules/serve-static': '/data/node_modules/@node-red/runtime/node_modules/.serve-static-J6speIpT',
304 silly reify   '/data/node_modules/@node-red/runtime/node_modules/toidentifier': '/data/node_modules/@node-red/runtime/node_modules/.toidentifier-XrrlpIQ7',
304 silly reify   '/data/node_modules/encodeurl': '/data/node_modules/.encodeurl-TqVuQPlc',
304 silly reify   '/data/node_modules/express': '/data/node_modules/.express-RyDi9jNn',
304 silly reify   '/data/node_modules/finalhandler': '/data/node_modules/.finalhandler-yKd9FddX',
304 silly reify   '/data/node_modules/merge-descriptors': '/data/node_modules/.merge-descriptors-NoMuszI0',
304 silly reify   '/data/node_modules/node-red/node_modules/body-parser': '/data/node_modules/node-red/node_modules/.body-parser-pgZtgUF3',
304 silly reify   '/data/node_modules/node-red/node_modules/bytes': '/data/node_modules/node-red/node_modules/.bytes-GD8hmsT7',
304 silly reify   '/data/node_modules/node-red/node_modules/depd': '/data/node_modules/node-red/node_modules/.depd-HfwZGsEb',
304 silly reify   '/data/node_modules/node-red/node_modules/encodeurl': '/data/node_modules/node-red/node_modules/.encodeurl-nYbV6AJg',
304 silly reify   '/data/node_modules/node-red/node_modules/express': '/data/node_modules/node-red/node_modules/.express-ckhjMqhA',
304 silly reify   '/data/node_modules/node-red/node_modules/finalhandler': '/data/node_modules/node-red/node_modules/.finalhandler-j4HmlJex',
304 silly reify   '/data/node_modules/node-red/node_modules/http-errors': '/data/node_modules/node-red/node_modules/.http-errors-MK8qsB5x',
304 silly reify   '/data/node_modules/node-red/node_modules/inherits': '/data/node_modules/node-red/node_modules/.inherits-DJS29bhL',
304 silly reify   '/data/node_modules/node-red/node_modules/merge-descriptors': '/data/node_modules/node-red/node_modules/.merge-descriptors-uDzkmMXO',
304 silly reify   '/data/node_modules/node-red/node_modules/mime': '/data/node_modules/node-red/node_modules/.mime-g7c9XJ4Z',
304 silly reify   '/data/node_modules/node-red/node_modules/.bin/mime': '/data/node_modules/node-red/node_modules/.bin/.mime-kZZ2iz4g',
304 silly reify   '/data/node_modules/node-red/node_modules/ms': '/data/node_modules/node-red/node_modules/.ms-V4wuk5PQ',
304 silly reify   '/data/node_modules/node-red/node_modules/on-finished': '/data/node_modules/node-red/node_modules/.on-finished-iX134sLz',
304 silly reify   '/data/node_modules/node-red/node_modules/path-to-regexp': '/data/node_modules/node-red/node_modules/.path-to-regexp-OVG8d2el',
304 silly reify   '/data/node_modules/node-red/node_modules/qs': '/data/node_modules/node-red/node_modules/.qs-XvXT0BTB',
304 silly reify   '/data/node_modules/node-red/node_modules/raw-body': '/data/node_modules/node-red/node_modules/.raw-body-O83Bzql4',
304 silly reify   '/data/node_modules/node-red/node_modules/send': '/data/node_modules/node-red/node_modules/.send-0N8Fhf0s',
304 silly reify   '/data/node_modules/node-red/node_modules/serve-static': '/data/node_modules/node-red/node_modules/.serve-static-Q13x8EXP',
304 silly reify   '/data/node_modules/node-red/node_modules/toidentifier': '/data/node_modules/node-red/node_modules/.toidentifier-ELDtIdOU',
304 silly reify   '/data/node_modules/path-to-regexp': '/data/node_modules/.path-to-regexp-EnAnEo98',
304 silly reify   '/data/node_modules/send': '/data/node_modules/.send-kLk4ic9X',
304 silly reify   '/data/node_modules/serve-static': '/data/node_modules/.serve-static-e5j26kZG'
304 silly reify }
305 silly audit bulk request {
305 silly audit   '@babel/runtime': [ '7.25.6' ],
305 silly audit   '@mapbox/node-pre-gyp': [ '1.0.11' ],
305 silly audit   '@node-red/editor-api': [ '3.1.12' ],
305 silly audit   bcrypt: [ '5.1.0', '5.1.1' ],
305 silly audit   'body-parser': [ '1.20.3', '1.19.0' ],
305 silly audit   bytes: [ '3.1.2', '3.1.0', '3.0.0' ],
305 silly audit   depd: [ '2.0.0', '1.1.2' ],
305 silly audit   encodeurl: [ '2.0.0', '1.0.2' ],
305 silly audit   express: [ '4.21.0' ],
305 silly audit   'http-errors': [ '2.0.0', '1.7.2' ],
305 silly audit   inherits: [ '2.0.4', '2.0.1', '2.0.3' ],
305 silly audit   ms: [ '2.1.3', '2.1.2', '2.0.0' ],
305 silly audit   'on-finished': [ '2.4.1', '2.3.0' ],
305 silly audit   qs: [ '6.13.0', '6.7.0', '6.5.3' ],
305 silly audit   'raw-body': [ '2.5.2', '2.4.0' ],
305 silly audit   send: [ '0.19.0' ],
305 silly audit   mime: [ '3.0.0', '1.6.0' ],
305 silly audit   toidentifier: [ '1.0.1', '1.0.0' ],
305 silly audit   '@node-red/editor-client': [ '3.1.12' ],
305 silly audit   '@node-red/nodes': [ '3.1.12' ],
305 silly audit   'iconv-lite': [ '0.4.24', '0.6.3' ],
305 silly audit   cookie: [ '0.5.0', '0.6.0', '0.4.1', '0.4.2' ],
305 silly audit   '@node-red/registry': [ '3.1.12' ],
305 silly audit   'lru-cache': [ '6.0.0', '4.1.5', '7.18.3' ],
305 silly audit   semver: [ '7.5.4', '6.3.1', '7.6.3' ],
305 silly audit   yallist: [ '4.0.0', '2.1.2' ],
305 silly audit   '@node-red/runtime': [ '3.1.12' ],
305 silly audit   '@node-red/util': [ '3.1.12' ],
305 silly audit   '@serialport/binding-mock': [ '10.2.2' ],
305 silly audit   debug: [ '4.3.7', '4.3.4', '2.6.9' ],
305 silly audit   '@serialport/bindings-cpp': [ '11.0.3' ],
305 silly audit   '@serialport/parser-delimiter': [ '11.0.0', '11.0.1' ],
305 silly audit   '@serialport/parser-readline': [ '11.0.0', '11.0.1' ],
305 silly audit   'node-addon-api': [ '6.1.0', '5.1.0' ],
305 silly audit   '@serialport/bindings-interface': [ '1.2.2' ],
305 silly audit   '@serialport/parser-byte-length': [ '11.0.1' ],
305 silly audit   '@serialport/parser-cctalk': [ '11.0.1' ],
305 silly audit   '@serialport/parser-inter-byte-timeout': [ '11.0.1' ],
305 silly audit   '@serialport/parser-packet-length': [ '11.0.1' ],
305 silly audit   '@serialport/parser-ready': [ '11.0.1' ],
305 silly audit   '@serialport/parser-regex': [ '11.0.1' ],
305 silly audit   '@serialport/parser-slip-encoder': [ '11.0.1' ],
305 silly audit   '@serialport/parser-spacepacket': [ '11.0.1' ],
305 silly audit   '@serialport/stream': [ '11.0.1' ],
305 silly audit   '@sindresorhus/is': [ '5.6.0' ],
305 silly audit   '@socket.io/component-emitter': [ '3.1.2' ],
305 silly audit   '@szmarczak/http-timer': [ '5.0.1' ],
305 silly audit   '@types/cookie': [ '0.4.1' ],
305 silly audit   '@types/cors': [ '2.8.17' ],
305 silly audit   '@types/http-cache-semantics': [ '4.0.4' ],
305 silly audit   '@types/node': [ '22.5.5' ],
305 silly audit   abbrev: [ '1.1.1' ],
305 silly audit   accepts: [ '1.3.8' ],
305 silly audit   acorn: [ '8.8.2' ],
305 silly audit   'acorn-walk': [ '8.2.0' ],
305 silly audit   'agent-base': [ '6.0.2' ],
305 silly audit   ajv: [ '8.12.0', '6.12.6' ],
305 silly audit   'ansi-colors': [ '4.1.3' ],
305 silly audit   'ansi-regex': [ '5.0.1' ],
305 silly audit   'append-field': [ '1.0.0' ],
305 silly audit   aproba: [ '2.0.0' ],
305 silly audit   'are-we-there-yet': [ '2.0.0' ],
305 silly audit   argparse: [ '2.0.1' ],
305 silly audit   'array-flatten': [ '1.1.1' ],
305 silly audit   asap: [ '2.0.6' ],
305 silly audit   asn1: [ '0.2.6' ],
305 silly audit   'assert-plus': [ '1.0.0' ],
305 silly audit   'async-mutex': [ '0.4.0' ],
305 silly audit   asynckit: [ '0.4.0' ],
305 silly audit   'available-typed-arrays': [ '1.0.7' ],
305 silly audit   'aws-sign2': [ '0.7.0' ],
305 silly audit   'aws-ssl-profiles': [ '1.1.2' ],
305 silly audit   aws4: [ '1.13.2' ],
305 silly audit   axios: [ '1.7.7' ],
305 silly audit   'balanced-match': [ '1.0.2' ],
305 silly audit   'base64-js': [ '1.5.1' ],
305 silly audit   base64id: [ '2.0.0' ],
305 silly audit   'basic-auth': [ '2.0.1' ],
305 silly audit   'safe-buffer': [ '5.1.2', '5.2.1' ],
305 silly audit   'bcrypt-pbkdf': [ '1.0.2' ],
305 silly audit   bcryptjs: [ '2.4.3' ],
305 silly audit   'bignumber.js': [ '2.0.7' ],
305 silly audit   bindings: [ '1.5.0' ],
305 silly audit   'bitcore-lib': [ '0.13.19' ],
305 silly audit   'bitcore-message': [ '1.0.4' ],
305 silly audit   bl: [ '4.1.0' ],
305 silly audit   bluebird: [ '3.7.2' ],
305 silly audit   'bn.js': [ '2.0.4' ],
305 silly audit   boolbase: [ '1.0.0' ],
305 silly audit   'brace-expansion': [ '1.1.11' ],
305 silly audit   brorand: [ '1.1.0' ],
305 silly audit   bs58: [ '2.0.0' ],
305 silly audit   buffer: [ '5.7.1' ],
305 silly audit   'buffer-compare': [ '1.0.0' ],
305 silly audit   'buffer-from': [ '1.1.2' ],
305 silly audit   busboy: [ '1.6.0' ],
305 silly audit   bytebuffer: [ '5.0.1' ],
305 silly audit   'cacheable-lookup': [ '7.0.0' ],
305 silly audit   'cacheable-request': [ '10.2.14' ],
305 silly audit   'call-bind': [ '1.0.7' ],
305 silly audit   caseless: [ '0.12.0' ],
305 silly audit   cheerio: [ '1.0.0-rc.10' ],
305 silly audit   'cheerio-select': [ '1.6.0' ],
305 silly audit   chownr: [ '2.0.0' ],
305 silly audit   'cli-table': [ '0.3.11' ],
305 silly audit   clone: [ '2.1.2' ],
305 silly audit   'color-support': [ '1.1.3' ],
305 silly audit   colors: [ '1.0.3' ],
305 silly audit   'combined-stream': [ '1.0.8' ],
305 silly audit   commander: [ '2.20.3' ],
305 silly audit   commist: [ '1.1.0' ],
305 silly audit   compressible: [ '2.0.18' ],
305 silly audit   compression: [ '1.7.4' ],
305 silly audit   'concat-map': [ '0.0.1' ],
305 silly audit   'concat-stream': [ '2.0.0', '1.6.2' ],
305 silly audit   'console-control-strings': [ '1.1.0' ],
305 silly audit   'content-disposition': [ '0.5.4' ],
305 silly audit   'content-type': [ '1.0.5' ],
305 silly audit   'cookie-parser': [ '1.4.6' ],
305 silly audit   'cookie-signature': [ '1.0.6' ],
305 silly audit   'coord-parser': [ '1.0.0' ],
305 silly audit   'core-util-is': [ '1.0.2' ],
305 silly audit   cors: [ '2.8.5' ],
305 silly audit   cronosjs: [ '1.7.1' ],
305 silly audit   cronstrue: [ '2.50.0' ],
305 silly audit   crypto: [ '0.0.3' ],
305 silly audit   'crypto-js': [ '3.3.0' ],
305 silly audit   'css-select': [ '4.3.0' ],
305 silly audit   'css-what': [ '6.1.0' ],
305 silly audit   dashdash: [ '1.14.1' ],
305 silly audit   'decompress-response': [ '6.0.0' ],
305 silly audit   'mimic-response': [ '3.1.0', '4.0.0' ],
305 silly audit   'defer-to-connect': [ '2.0.1' ],
305 silly audit   'define-data-property': [ '1.1.4' ],
305 silly audit   'delayed-stream': [ '1.0.0' ],
305 silly audit   delegates: [ '1.0.0' ],
305 silly audit   denque: [ '2.1.0' ],
305 silly audit   destroy: [ '1.2.0' ],
305 silly audit   'detect-libc': [ '2.0.3' ],
305 silly audit   'dom-serializer': [ '1.4.1' ],
305 silly audit   domelementtype: [ '2.3.0' ],
305 silly audit   domhandler: [ '4.3.1' ],
305 silly audit   domutils: [ '2.8.0' ],
305 silly audit   duplexify: [ '4.1.3' ],
305 silly audit   'ecc-jsbn': [ '0.1.2' ],
305 silly audit   'ee-first': [ '1.1.1' ],
305 silly audit   elliptic: [ '3.0.3' ],
305 silly audit   'emoji-regex': [ '8.0.0' ],
305 silly audit   'end-of-stream': [ '1.4.4' ],
305 silly audit   'engine.io': [ '6.6.1' ],
305 silly audit   'engine.io-parser': [ '5.2.3' ],
305 silly audit   ws: [ '8.17.1', '7.5.10' ],
305 silly audit   enquirer: [ '2.4.1' ],
305 silly audit   entities: [ '2.2.0' ],
305 silly audit   'es-define-property': [ '1.0.0' ],
305 silly audit   'es-errors': [ '1.3.0' ],
305 silly audit   'escape-html': [ '1.0.3' ],
305 silly audit   etag: [ '1.8.1' ],
305 silly audit   'express-session': [ '1.17.3' ],
305 silly audit   extend: [ '3.0.2' ],
305 silly audit   extsprintf: [ '1.3.0' ],
305 silly audit   'fast-deep-equal': [ '3.1.3' ],
305 silly audit   'fast-json-stable-stringify': [ '2.1.0' ],
305 silly audit   'file-uri-to-path': [ '1.0.0' ],
305 silly audit   'follow-redirects': [ '1.15.9' ],
305 silly audit   'for-each': [ '0.3.3' ],
305 silly audit   'forever-agent': [ '0.6.1' ],
305 silly audit   'form-data': [ '4.0.0', '2.3.3' ],
305 silly audit   'form-data-encoder': [ '2.1.4' ],
305 silly audit   forwarded: [ '0.2.0' ],
305 silly audit   fresh: [ '0.5.2' ],
305 silly audit   fs: [ '0.0.1-security' ],
305 silly audit   'fs-extra': [ '11.1.1' ],
305 silly audit   'fs-minipass': [ '2.1.0' ],
305 silly audit   minipass: [ '3.3.6', '5.0.0' ],
305 silly audit   'fs.realpath': [ '1.0.0' ],
305 silly audit   'function-bind': [ '1.1.2' ],
305 silly audit   gauge: [ '3.0.2' ],
305 silly audit   'generate-function': [ '2.3.1' ],
305 silly audit   'get-intrinsic': [ '1.2.4' ],
305 silly audit   'get-stream': [ '6.0.1' ],
305 silly audit   getpass: [ '0.1.7' ],
305 silly audit   glob: [ '7.2.3' ],
305 silly audit   gopd: [ '1.0.1' ],
305 silly audit   got: [ '12.6.0' ],
305 silly audit   'graceful-fs': [ '4.2.11' ],
305 silly audit   gridstack: [ '0.6.4' ],
305 silly audit   'har-schema': [ '2.0.0' ],
305 silly audit   'har-validator': [ '5.1.5' ],
305 silly audit   'json-schema-traverse': [ '0.4.1', '1.0.0' ],
305 silly audit   'has-property-descriptors': [ '1.0.2' ],
305 silly audit   'has-proto': [ '1.0.3' ],
305 silly audit   'has-symbols': [ '1.0.3' ],
305 silly audit   'has-tostringtag': [ '1.0.2' ],
305 silly audit   'has-unicode': [ '2.0.1' ],
305 silly audit   'hash-sum': [ '2.0.0' ],
305 silly audit   'hash.js': [ '1.1.7' ],
305 silly audit   hasown: [ '2.0.2' ],
305 silly audit   'help-me': [ '3.0.0' ],
305 silly audit   hpagent: [ '1.2.0' ],
305 silly audit   htmlparser2: [ '6.1.0' ],
305 silly audit   'http-cache-semantics': [ '4.1.1' ],
305 silly audit   setprototypeof: [ '1.1.1', '1.2.0' ],
305 silly audit   statuses: [ '1.5.0', '2.0.1' ],
305 silly audit   'http-signature': [ '1.2.0' ],
305 silly audit   'http2-wrapper': [ '2.2.1' ],
305 silly audit   'https-proxy-agent': [ '5.0.1' ],
305 silly audit   i18next: [ '21.10.0' ],
305 silly audit   ieee754: [ '1.2.1' ],
305 silly audit   inflight: [ '1.0.6' ],
305 silly audit   'ipaddr.js': [ '1.9.1' ],
305 silly audit   'is-arguments': [ '1.1.1' ],
305 silly audit   'is-callable': [ '1.2.7' ],
305 silly audit   'is-docker': [ '2.2.1' ],
305 silly audit   'is-fullwidth-code-point': [ '3.0.0' ],
305 silly audit   'is-generator-function': [ '1.0.10' ],
305 silly audit   'is-property': [ '1.0.2' ],
305 silly audit   'is-typed-array': [ '1.1.13' ],
305 silly audit   'is-typedarray': [ '1.0.0' ],
305 silly audit   'is-utf8': [ '0.2.1' ],
305 silly audit   'is-wsl': [ '2.2.0' ],
305 silly audit   isarray: [ '1.0.0' ],
305 silly audit   isstream: [ '0.1.2' ],
305 silly audit   'javascript-opentimestamps': [ '0.1.18' ],
305 silly audit   jquery: [ '3.7.1' ],
305 silly audit   'js-sdsl': [ '4.3.0' ],
305 silly audit   'js-yaml': [ '4.1.0' ],
305 silly audit   jsbn: [ '0.1.1' ],
305 silly audit   'json-buffer': [ '3.0.1' ],
305 silly audit   'json-schema': [ '0.4.0' ],
305 silly audit   'json-stringify-safe': [ '5.0.1' ],
305 silly audit   jsonata: [ '1.8.7' ],
305 silly audit   jsonfile: [ '6.1.0' ],
305 silly audit   jsprim: [ '1.4.2' ],
305 silly audit   keccak: [ '1.4.0' ],
305 silly audit   keyv: [ '4.5.4' ],
305 silly audit   leven: [ '2.1.0' ],
305 silly audit   lodash: [ '3.10.1', '4.17.21' ],
305 silly audit   'lodash.clonedeep': [ '4.5.0' ],
305 silly audit   long: [ '3.2.0', '5.2.3' ],
305 silly audit   'lowercase-keys': [ '3.0.0' ],
305 silly audit   'lru.min': [ '1.1.1' ],
305 silly audit   'make-dir': [ '3.1.0' ],
305 silly audit   'media-typer': [ '1.1.0', '0.3.0' ],
305 silly audit   memorystore: [ '1.6.7' ],
305 silly audit   methods: [ '1.1.2' ],
305 silly audit   'mime-db': [ '1.52.0' ],
305 silly audit   'mime-types': [ '2.1.35' ],
305 silly audit   'minimalistic-assert': [ '1.0.1' ],
305 silly audit   minimatch: [ '3.1.2' ],
305 silly audit   minimist: [ '1.2.8' ],
305 silly audit   minizlib: [ '2.1.2' ],
305 silly audit   mkdirp: [ '0.5.6', '1.0.4' ],
305 silly audit   moment: [ '2.29.4' ],
305 silly audit   'moment-timezone': [ '0.5.43' ],
305 silly audit   mqtt: [ '4.3.7' ],
305 silly audit   'mqtt-packet': [ '6.10.0' ],
305 silly audit   multer: [ '1.4.5-lts.1' ],
305 silly audit   'readable-stream': [ '2.3.8', '3.6.2' ],
305 silly audit   string_decoder: [ '1.1.1', '1.3.0' ],
305 silly audit   mustache: [ '4.2.0' ],
305 silly audit   'mute-stream': [ '0.0.8' ],
305 silly audit   mysql2: [ '3.11.3' ],
305 silly audit   'named-placeholders': [ '1.1.3' ],
305 silly audit   nan: [ '2.20.0' ],
305 silly audit   negotiator: [ '0.6.3' ],
305 silly audit   nipplejs: [ '0.8.7' ],
305 silly audit   'node-fetch': [ '2.7.0' ],
305 silly audit   'node-gyp-build': [ '4.6.0' ],
305 silly audit   'node-red': [ '3.1.12' ],
305 silly audit   'node-red-admin': [ '3.1.3' ],
305 silly audit   'node-red-contrib-boolean-logic': [ '0.0.3' ],
305 silly audit   'node-red-contrib-buffer-parser': [ '3.2.2' ],
305 silly audit   'node-red-contrib-cron-plus': [ '2.1.0' ],
305 silly audit   'node-red-contrib-open': [ '1.0.0' ],
305 silly audit   'node-red-contrib-opentimestamps': [ '0.0.7' ],
305 silly audit   'node-red-contrib-play-audio': [ '2.5.0' ],
305 silly audit   'node-red-contrib-socketcan': [ '1.2.10' ],
305 silly audit   'node-red-contrib-ui-joystick': [ '1.0.1' ],
305 silly audit   'node-red-contrib-ui-time-scheduler': [ '1.17.2' ],
305 silly audit   'node-red-dashboard': [ '3.6.5' ],
305 silly audit   'node-red-node-mysql': [ '2.0.0' ],
305 silly audit   'node-red-node-pi-gpio': [ '2.0.6' ],
305 silly audit   'node-red-node-ping': [ '0.3.3' ],
305 silly audit   'node-red-node-random': [ '0.4.1' ],
305 silly audit   'node-red-node-serialport': [ '1.0.4' ],
305 silly audit   'node-red-node-smooth': [ '0.1.2' ],
305 silly audit   'node-watch': [ '0.7.4' ],
305 silly audit   nopt: [ '5.0.0' ],
305 silly audit   'normalize-url': [ '8.0.1' ],
305 silly audit   npmlog: [ '5.0.1' ],
305 silly audit   'nth-check': [ '2.1.1' ],
305 silly audit   'number-allocator': [ '1.0.14' ],
305 silly audit   'oauth-sign': [ '0.9.0' ],
305 silly audit   oauth2orize: [ '1.11.1' ],
305 silly audit   'object-assign': [ '4.1.1' ],
305 silly audit   'object-inspect': [ '1.13.2' ],
305 silly audit   'on-headers': [ '1.0.2' ],
305 silly audit   once: [ '1.4.0' ],
305 silly audit   open: [ '7.3.1' ],
305 silly audit   'p-cancelable': [ '3.0.0' ],
305 silly audit   'parse-ms': [ '2.1.0' ],
305 silly audit   parse5: [ '6.0.1' ],
305 silly audit   'parse5-htmlparser2-tree-adapter': [ '6.0.1' ],
305 silly audit   parseurl: [ '1.3.3' ],
305 silly audit   passport: [ '0.6.0' ],
305 silly audit   'passport-http-bearer': [ '1.0.1' ],
305 silly audit   'passport-oauth2-client-password': [ '0.1.2' ],
305 silly audit   'passport-strategy': [ '1.0.0' ],
305 silly audit   'path-is-absolute': [ '1.0.1' ],
305 silly audit   pause: [ '0.0.1' ],
305 silly audit   'performance-now': [ '2.1.0' ],
305 silly audit   'possible-typed-array-names': [ '1.0.0' ],
305 silly audit   'pretty-ms': [ '7.0.1' ],
305 silly audit   'process-nextick-args': [ '2.0.1' ],
305 silly audit   promise: [ '7.3.1' ],
305 silly audit   properties: [ '1.2.1' ],
305 silly audit   'proxy-addr': [ '2.0.7' ],
305 silly audit   'proxy-from-env': [ '1.1.0' ],
305 silly audit   pseudomap: [ '1.0.2' ],
305 silly audit   psl: [ '1.9.0' ],
305 silly audit   pump: [ '3.0.2' ],
305 silly audit   punycode: [ '2.3.1' ],
305 silly audit   querystringify: [ '2.2.0' ],
305 silly audit   'quick-lru': [ '5.1.1' ],
305 silly audit   'random-bytes': [ '1.0.0' ],
305 silly audit   'random-js': [ '2.1.0' ],
305 silly audit   randombytes: [ '2.0.3' ],
305 silly audit   randomstring: [ '1.3.0' ],
305 silly audit   'range-parser': [ '1.2.1' ],
305 silly audit   read: [ '1.0.7' ],
305 silly audit   'red-contrib-socketcan': [ '1.0.0' ],
305 silly audit   socketcan: [ '2.9.1', '3.0.0' ],
305 silly audit   'regenerator-runtime': [ '0.14.1' ],
305 silly audit   reinterval: [ '1.1.0' ],
305 silly audit   request: [ '2.88.2' ],
305 silly audit   'request-promise': [ '4.2.6' ],
305 silly audit   'request-promise-core': [ '1.1.4' ],
305 silly audit   'tough-cookie': [ '2.5.0', '4.1.3' ],
305 silly audit   uuid: [ '3.4.0', '9.0.0' ],
305 silly audit   'require-from-string': [ '2.0.2' ],
305 silly audit   'requires-port': [ '1.0.0' ],
305 silly audit   'resolve-alpn': [ '1.2.1' ],
305 silly audit   responselike: [ '3.0.0' ],
305 silly audit   rfdc: [ '1.4.1' ],
305 silly audit   rimraf: [ '3.0.2' ],
305 silly audit   'safer-buffer': [ '2.1.2' ],
305 silly audit   sax: [ '1.4.1' ],
305 silly audit   'seq-queue': [ '0.0.5' ],
305 silly audit   serialport: [ '11.0.1' ],
305 silly audit   'set-blocking': [ '2.0.0' ],
305 silly audit   'set-function-length': [ '1.2.2' ],
305 silly audit   'side-channel': [ '1.0.6' ],
305 silly audit   'signal-exit': [ '3.0.7' ],
305 silly audit   'socket.io': [ '4.8.0' ],
305 silly audit   'socket.io-adapter': [ '2.5.5' ],
305 silly audit   'socket.io-parser': [ '4.2.4' ],
305 silly audit   split2: [ '3.2.2' ],
305 silly audit   sqlstring: [ '2.3.3' ],
305 silly audit   sshpk: [ '1.18.0' ],
305 silly audit   'stealthy-require': [ '1.1.1' ],
305 silly audit   'stream-shift': [ '1.0.3' ],
305 silly audit   streamsearch: [ '1.1.0' ],
305 silly audit   'string-width': [ '4.2.3' ],
305 silly audit   'strip-ansi': [ '6.0.1' ],
305 silly audit   suncalc: [ '1.9.0' ],
305 silly audit   suncalc2: [ '1.8.1' ],
305 silly audit   tar: [ '6.2.1' ],
305 silly audit   'thethingbox-node-timestamp': [ '2.0.0' ],
305 silly audit   universalify: [ '0.2.0', '2.0.1' ],
305 silly audit   tr46: [ '0.0.3' ],
305 silly audit   tslib: [ '2.7.0' ],
305 silly audit   'tunnel-agent': [ '0.6.0' ],
305 silly audit   tweetnacl: [ '0.14.5' ],
305 silly audit   'type-is': [ '1.6.18' ],
305 silly audit   typedarray: [ '0.0.6' ],
305 silly audit   'uglify-js': [ '3.17.4' ],
305 silly audit   'uid-safe': [ '2.1.5' ],
305 silly audit   uid2: [ '0.0.4' ],
305 silly audit   'undici-types': [ '6.19.8' ],
305 silly audit   unpipe: [ '1.0.0' ],
305 silly audit   'uri-js': [ '4.4.1' ],
305 silly audit   'url-parse': [ '1.5.10' ],
305 silly audit   utf8: [ '2.1.2' ],
305 silly audit   util: [ '0.12.5' ],
305 silly audit   'util-deprecate': [ '1.0.2' ],
305 silly audit   'utils-merge': [ '1.0.1' ],
305 silly audit   vary: [ '1.1.2' ],
305 silly audit   verror: [ '1.10.0' ],
305 silly audit   web3: [ '0.18.4' ],
305 silly audit   'webidl-conversions': [ '3.0.1' ],
305 silly audit   'whatwg-url': [ '5.0.0' ],
305 silly audit   'which-typed-array': [ '1.1.15' ],
305 silly audit   'wide-align': [ '1.1.5' ],
305 silly audit   wrappy: [ '1.0.2' ],
305 silly audit   xhr2: [ '0.2.1' ],
305 silly audit   xml2js: [ '0.6.2' ],
305 silly audit   xmlbuilder: [ '11.0.1' ],
305 silly audit   xmlhttprequest: [ '1.8.0' ],
305 silly audit   xtend: [ '4.0.2' ],
305 silly audit   finalhandler: [ '1.3.1' ],
305 silly audit   'merge-descriptors': [ '1.0.3' ],
305 silly audit   'path-to-regexp': [ '0.1.10' ],
305 silly audit   'serve-static': [ '1.16.2' ]
305 silly audit }
306 http fetch POST 200 https://registry.npmjs.org/-/npm/v1/security/advisories/bulk 397ms
307 silly audit report {
307 silly audit report   'body-parser': [
307 silly audit report     {
307 silly audit report       id: 1099520,
307 silly audit report       url: 'https://github.com/advisories/GHSA-qwcr-r2fm-qrc7',
307 silly audit report       title: 'body-parser vulnerable to denial of service when url encoding is enabled',
307 silly audit report       severity: 'high',
307 silly audit report       vulnerable_versions: '<1.20.3',
307 silly audit report       cwe: [Array],
307 silly audit report       cvss: [Object]
307 silly audit report     }
307 silly audit report   ],
307 silly audit report   qs: [
307 silly audit report     {
307 silly audit report       id: 1096472,
307 silly audit report       url: 'https://github.com/advisories/GHSA-hrpp-h998-j3pp',
307 silly audit report       title: 'qs vulnerable to Prototype Pollution',
307 silly audit report       severity: 'high',
307 silly audit report       vulnerable_versions: '>=6.7.0 <6.7.3',
307 silly audit report       cwe: [Array],
307 silly audit report       cvss: [Object]
307 silly audit report     }
307 silly audit report   ],
307 silly audit report   'crypto-js': [
307 silly audit report     {
307 silly audit report       id: 1096365,
307 silly audit report       url: 'https://github.com/advisories/GHSA-xwcq-pm8m-c4vf',
307 silly audit report       title: 'crypto-js PBKDF2 1,000 times weaker than specified in 1993 and 1.3M times weaker than current standard',
307 silly audit report       severity: 'critical',
307 silly audit report       vulnerable_versions: '<4.2.0',
307 silly audit report       cwe: [Array],
307 silly audit report       cvss: [Object]
307 silly audit report     }
307 silly audit report   ],
307 silly audit report   elliptic: [
307 silly audit report     {
307 silly audit report       id: 1093391,
307 silly audit report       url: 'https://github.com/advisories/GHSA-r9p9-mrjm-926w',
307 silly audit report       title: 'Elliptic Uses a Broken or Risky Cryptographic Algorithm',
307 silly audit report       severity: 'moderate',
307 silly audit report       vulnerable_versions: '<6.5.4',
307 silly audit report       cwe: [Array],
307 silly audit report       cvss: [Object]
307 silly audit report     },
307 silly audit report     {
307 silly audit report       id: 1098594,
307 silly audit report       url: 'https://github.com/advisories/GHSA-977x-g7h5-7qgw',
307 silly audit report       title: "Elliptic's ECDSA missing check for whether leading bit of r and s is zero",
307 silly audit report       severity: 'low',
307 silly audit report       vulnerable_versions: '>=2.0.0 <=6.5.6',
307 silly audit report       cwe: [Array],
307 silly audit report       cvss: [Object]
307 silly audit report     },
307 silly audit report     {
307 silly audit report       id: 1095023,
307 silly audit report       url: 'https://github.com/advisories/GHSA-vh7m-p724-62c2',
307 silly audit report       title: 'Signature Malleabillity in elliptic',
307 silly audit report       severity: 'high',
307 silly audit report       vulnerable_versions: '<6.5.3',
307 silly audit report       cwe: [Array],
307 silly audit report       cvss: [Object]
307 silly audit report     }
307 silly audit report   ],
307 silly audit report   lodash: [
307 silly audit report     {
307 silly audit report       id: 1097130,
307 silly audit report       url: 'https://github.com/advisories/GHSA-fvqr-27wr-82fm',
307 silly audit report       title: 'Prototype Pollution in lodash',
307 silly audit report       severity: 'moderate',
307 silly audit report       vulnerable_versions: '<4.17.5',
307 silly audit report       cwe: [Array],
307 silly audit report       cvss: [Object]
307 silly audit report     },
307 silly audit report     {
307 silly audit report       id: 1096996,
307 silly audit report       url: 'https://github.com/advisories/GHSA-35jh-r3h4-6jhm',
307 silly audit report       title: 'Command Injection in lodash',
307 silly audit report       severity: 'high',
307 silly audit report       vulnerable_versions: '<4.17.21',
307 silly audit report       cwe: [Array],
307 silly audit report       cvss: [Object]
307 silly audit report     },
307 silly audit report     {
307 silly audit report       id: 1097140,
307 silly audit report       url: 'https://github.com/advisories/GHSA-jf85-cpcp-j695',
307 silly audit report       title: 'Prototype Pollution in lodash',
307 silly audit report       severity: 'critical',
307 silly audit report       vulnerable_versions: '<4.17.12',
307 silly audit report       cwe: [Array],
307 silly audit report       cvss: [Object]
307 silly audit report     },
307 silly audit report     {
307 silly audit report       id: 1094499,
307 silly audit report       url: 'https://github.com/advisories/GHSA-4xc9-xhrj-v574',
307 silly audit report       title: 'Prototype Pollution in lodash',
307 silly audit report       severity: 'high',
307 silly audit report       vulnerable_versions: '<4.17.11',
307 silly audit report       cwe: [Array],
307 silly audit report       cvss: [Object]
307 silly audit report     },
307 silly audit report     {
307 silly audit report       id: 1094500,
307 silly audit report       url: 'https://github.com/advisories/GHSA-29mw-wpgm-hmr9',
307 silly audit report       title: 'Regular Expression Denial of Service (ReDoS) in lodash',
307 silly audit report       severity: 'moderate',
307 silly audit report       vulnerable_versions: '<4.17.21',
307 silly audit report       cwe: [Array],
307 silly audit report       cvss: [Object]
307 silly audit report     },
307 silly audit report     {
307 silly audit report       id: 1096305,
307 silly audit report       url: 'https://github.com/advisories/GHSA-p6mc-m468-83gw',
307 silly audit report       title: 'Prototype Pollution in lodash',
307 silly audit report       severity: 'high',
307 silly audit report       vulnerable_versions: '>=3.7.0 <4.17.19',
307 silly audit report       cwe: [Array],
307 silly audit report       cvss: [Object]
307 silly audit report     },
307 silly audit report     {
307 silly audit report       id: 1085674,
307 silly audit report       url: 'https://github.com/advisories/GHSA-x5rq-j2xg-h7qm',
307 silly audit report       title: 'Regular Expression Denial of Service (ReDoS) in lodash',
307 silly audit report       severity: 'moderate',
307 silly audit report       vulnerable_versions: '<4.17.11',
307 silly audit report       cwe: [Array],
307 silly audit report       cvss: [Object]
307 silly audit report     }
307 silly audit report   ],
307 silly audit report   request: [
307 silly audit report     {
307 silly audit report       id: 1096727,
307 silly audit report       url: 'https://github.com/advisories/GHSA-p8p7-x288-28g6',
307 silly audit report       title: 'Server-Side Request Forgery in Request',
307 silly audit report       severity: 'moderate',
307 silly audit report       vulnerable_versions: '<=2.88.2',
307 silly audit report       cwe: [Array],
307 silly audit report       cvss: [Object]
307 silly audit report     }
307 silly audit report   ],
307 silly audit report   'tough-cookie': [
307 silly audit report     {
307 silly audit report       id: 1097682,
307 silly audit report       url: 'https://github.com/advisories/GHSA-72xf-g2v4-qvf3',
307 silly audit report       title: 'tough-cookie Prototype Pollution vulnerability',
307 silly audit report       severity: 'moderate',
307 silly audit report       vulnerable_versions: '<4.1.3',
307 silly audit report       cwe: [Array],
307 silly audit report       cvss: [Object]
307 silly audit report     }
307 silly audit report   ],
307 silly audit report   web3: [
307 silly audit report     {
307 silly audit report       id: 1085584,
307 silly audit report       url: 'https://github.com/advisories/GHSA-27v7-qhfv-rqq8',
307 silly audit report       title: 'Insecure Credential Storage in web3',
307 silly audit report       severity: 'low',
307 silly audit report       vulnerable_versions: '<=1.5.2',
307 silly audit report       cwe: [],
307 silly audit report       cvss: [Object]
307 silly audit report     }
307 silly audit report   ]
307 silly audit report }
308 silly packumentCache corgi:https://registry.npmjs.org/body-parser cache-hit
309 silly packumentCache corgi:https://registry.npmjs.org/qs cache-hit
310 silly packumentCache corgi:https://registry.npmjs.org/crypto-js cache-hit
311 silly packumentCache corgi:https://registry.npmjs.org/elliptic cache-hit
312 silly packumentCache corgi:https://registry.npmjs.org/lodash cache-hit
313 silly packumentCache corgi:https://registry.npmjs.org/request cache-hit
314 silly packumentCache corgi:https://registry.npmjs.org/tough-cookie cache-hit
315 silly packumentCache corgi:https://registry.npmjs.org/web3 cache-hit
316 silly packumentCache corgi:https://registry.npmjs.org/bitcore-lib cache-hit
317 silly packumentCache corgi:https://registry.npmjs.org/javascript-opentimestamps cache-hit
318 silly packumentCache corgi:https://registry.npmjs.org/request-promise cache-hit
319 silly packumentCache corgi:https://registry.npmjs.org/request-promise-core cache-hit
320 silly packumentCache corgi:https://registry.npmjs.org/bitcore-message cache-hit
321 silly packumentCache corgi:https://registry.npmjs.org/node-red-contrib-opentimestamps cache-hit
322 silly CHANGE node_modules/serve-static
323 silly CHANGE node_modules/send
324 silly ADD node_modules/send/node_modules/encodeurl
325 silly CHANGE node_modules/path-to-regexp
326 silly REMOVE node_modules/node-red/node_modules/toidentifier
327 silly REMOVE node_modules/node-red/node_modules/serve-static
328 silly REMOVE node_modules/node-red/node_modules/send
329 silly REMOVE node_modules/node-red/node_modules/send/node_modules/encodeurl
330 silly REMOVE node_modules/node-red/node_modules/raw-body
331 silly REMOVE node_modules/node-red/node_modules/qs
332 silly REMOVE node_modules/node-red/node_modules/path-to-regexp
333 silly REMOVE node_modules/node-red/node_modules/on-finished
334 silly REMOVE node_modules/node-red/node_modules/ms
335 silly REMOVE node_modules/node-red/node_modules/mime
336 silly REMOVE node_modules/node-red/node_modules/merge-descriptors
337 silly REMOVE node_modules/node-red/node_modules/inherits
338 silly REMOVE node_modules/node-red/node_modules/http-errors
339 silly REMOVE node_modules/node-red/node_modules/finalhandler
340 silly REMOVE node_modules/node-red/node_modules/express
341 silly REMOVE node_modules/node-red/node_modules/encodeurl
342 silly REMOVE node_modules/node-red/node_modules/depd
343 silly REMOVE node_modules/node-red/node_modules/bytes
344 silly REMOVE node_modules/node-red/node_modules/body-parser
345 silly CHANGE node_modules/merge-descriptors
346 silly CHANGE node_modules/finalhandler
347 silly CHANGE node_modules/express
348 silly CHANGE node_modules/express/node_modules/qs
349 silly CHANGE node_modules/express/node_modules/body-parser
350 silly CHANGE node_modules/encodeurl
351 silly REMOVE node_modules/@node-red/runtime/node_modules/toidentifier
352 silly REMOVE node_modules/@node-red/runtime/node_modules/serve-static
353 silly REMOVE node_modules/@node-red/runtime/node_modules/send
354 silly REMOVE node_modules/@node-red/runtime/node_modules/send/node_modules/encodeurl
355 silly REMOVE node_modules/@node-red/runtime/node_modules/raw-body
356 silly REMOVE node_modules/@node-red/runtime/node_modules/qs
357 silly REMOVE node_modules/@node-red/runtime/node_modules/path-to-regexp
358 silly REMOVE node_modules/@node-red/runtime/node_modules/on-finished
359 silly REMOVE node_modules/@node-red/runtime/node_modules/ms
360 silly REMOVE node_modules/@node-red/runtime/node_modules/mime
361 silly REMOVE node_modules/@node-red/runtime/node_modules/merge-descriptors
362 silly REMOVE node_modules/@node-red/runtime/node_modules/inherits
363 silly REMOVE node_modules/@node-red/runtime/node_modules/http-errors
364 silly REMOVE node_modules/@node-red/runtime/node_modules/finalhandler
365 silly REMOVE node_modules/@node-red/runtime/node_modules/express
366 silly REMOVE node_modules/@node-red/runtime/node_modules/encodeurl
367 silly REMOVE node_modules/@node-red/runtime/node_modules/depd
368 silly REMOVE node_modules/@node-red/runtime/node_modules/bytes
369 silly REMOVE node_modules/@node-red/runtime/node_modules/body-parser
370 silly REMOVE node_modules/@node-red/editor-api/node_modules/serve-static
371 silly REMOVE node_modules/@node-red/editor-api/node_modules/send
372 silly REMOVE node_modules/@node-red/editor-api/node_modules/send/node_modules/mime
373 silly REMOVE node_modules/@node-red/editor-api/node_modules/send/node_modules/encodeurl
374 silly REMOVE node_modules/@node-red/editor-api/node_modules/path-to-regexp
375 silly REMOVE node_modules/@node-red/editor-api/node_modules/ms
376 silly REMOVE node_modules/@node-red/editor-api/node_modules/merge-descriptors
377 silly REMOVE node_modules/@node-red/editor-api/node_modules/finalhandler
378 silly REMOVE node_modules/@node-red/editor-api/node_modules/express
379 silly REMOVE node_modules/@node-red/editor-api/node_modules/encodeurl
380 verbose cwd /data
381 verbose os Linux 6.8.0-40-generic
382 verbose node v20.17.0
383 verbose npm  v10.8.2
384 verbose exit 1
385 verbose code 1
