0 verbose cli /usr/local/bin/node /usr/local/bin/npm
1 info using npm@10.8.2
2 info using node@v20.17.0
3 silly config load:file:/usr/local/lib/node_modules/npm/npmrc
4 silly config load:file:/data/.npmrc
5 silly config load:file:/usr/src/node-red/.npmrc
6 silly config load:file:/usr/local/etc/npmrc
7 verbose title npm install node-red-contrib-fs@1.4.1
8 verbose argv "install" "--no-audit" "--no-update-notifier" "--no-fund" "--save" "--save-prefix" "~" "--omit" "dev" "--engine-strict" "node-red-contrib-fs@1.4.1"
9 verbose logfile logs-max:10 dir:/data/.npm/_logs/2024-10-02T10_19_51_990Z-
10 verbose logfile /data/.npm/_logs/2024-10-02T10_19_51_990Z-debug-0.log
11 silly packumentCache heap:2197815296 maxSize:549453824 maxEntrySize:274726912
12 silly logfile done cleaning log files
13 silly idealTree buildDeps
14 silly fetch manifest node-red-contrib-fs@1.4.1
15 silly packumentCache full:https://registry.npmjs.org/node-red-contrib-fs cache-miss
16 http fetch GET 200 https://registry.npmjs.org/node-red-contrib-fs 1821ms (cache miss)
17 silly packumentCache full:https://registry.npmjs.org/node-red-contrib-fs set size:undefined disposed:false
18 silly placeDep ROOT node-red-contrib-fs@1.4.1 OK for: ESP32_i_like_hamburgers@0.0.1 want: 1.4.1
19 silly fetch manifest readdirp@^3.4.0
20 silly packumentCache full:https://registry.npmjs.org/readdirp cache-miss
21 http fetch GET 200 https://registry.npmjs.org/readdirp 172ms (cache miss)
22 silly packumentCache full:https://registry.npmjs.org/readdirp set size:undefined disposed:false
23 silly placeDep ROOT readdirp@3.6.0 OK for: node-red-contrib-fs@1.4.1 want: ^3.4.0
24 silly fetch manifest picomatch@^2.2.1
25 silly packumentCache full:https://registry.npmjs.org/picomatch cache-miss
26 http fetch GET 200 https://registry.npmjs.org/picomatch 128ms (cache miss)
27 silly packumentCache full:https://registry.npmjs.org/picomatch set size:undefined disposed:false
28 silly placeDep ROOT picomatch@2.3.1 OK for: readdirp@3.6.0 want: ^2.2.1
29 silly reify moves {}
30 silly tarball no local data for picomatch@https://registry.npmjs.org/picomatch/-/picomatch-2.3.1.tgz. Extracting by manifest.
31 silly tarball no local data for readdirp@https://registry.npmjs.org/readdirp/-/readdirp-3.6.0.tgz. Extracting by manifest.
32 silly tarball no local data for node-red-contrib-fs@https://registry.npmjs.org/node-red-contrib-fs/-/node-red-contrib-fs-1.4.1.tgz. Extracting by manifest.
33 http fetch GET 200 https://registry.npmjs.org/picomatch/-/picomatch-2.3.1.tgz 137ms (cache miss)
34 http fetch GET 200 https://registry.npmjs.org/readdirp/-/readdirp-3.6.0.tgz 265ms (cache miss)
35 http fetch GET 200 https://registry.npmjs.org/node-red-contrib-fs/-/node-red-contrib-fs-1.4.1.tgz 291ms (cache miss)
36 verbose stack Error: EACCES: permission denied, open '/data/package.json'
36 verbose stack     at async open (node:internal/fs/promises:639:25)
36 verbose stack     at async writeFile (node:internal/fs/promises:1212:14)
36 verbose stack     at async PackageJson.save (/usr/local/lib/node_modules/npm/node_modules/@npmcli/package-json/lib/index.js:250:14)
36 verbose stack     at async [saveIdealTree] (/usr/local/lib/node_modules/npm/node_modules/@npmcli/arborist/lib/arborist/reify.js:1512:9)
36 verbose stack     at async Arborist.reify (/usr/local/lib/node_modules/npm/node_modules/@npmcli/arborist/lib/arborist/reify.js:148:5)
36 verbose stack     at async Install.exec (/usr/local/lib/node_modules/npm/lib/commands/install.js:150:5)
36 verbose stack     at async Npm.exec (/usr/local/lib/node_modules/npm/lib/npm.js:207:9)
36 verbose stack     at async module.exports (/usr/local/lib/node_modules/npm/lib/cli/entry.js:74:5)
37 error code EACCES
38 error syscall open
39 error path /data/package.json
40 error errno -13
41 error Error: EACCES: permission denied, open '/data/package.json'
41 error     at async open (node:internal/fs/promises:639:25)
41 error     at async writeFile (node:internal/fs/promises:1212:14)
41 error     at async PackageJson.save (/usr/local/lib/node_modules/npm/node_modules/@npmcli/package-json/lib/index.js:250:14)
41 error     at async [saveIdealTree] (/usr/local/lib/node_modules/npm/node_modules/@npmcli/arborist/lib/arborist/reify.js:1512:9)
41 error     at async Arborist.reify (/usr/local/lib/node_modules/npm/node_modules/@npmcli/arborist/lib/arborist/reify.js:148:5)
41 error     at async Install.exec (/usr/local/lib/node_modules/npm/lib/commands/install.js:150:5)
41 error     at async Npm.exec (/usr/local/lib/node_modules/npm/lib/npm.js:207:9)
41 error     at async module.exports (/usr/local/lib/node_modules/npm/lib/cli/entry.js:74:5) {
41 error   errno: -13,
41 error   code: 'EACCES',
41 error   syscall: 'open',
41 error   path: '/data/package.json'
41 error }
42 error
42 error The operation was rejected by your operating system.
42 error It is likely you do not have the permissions to access this file as the current user
42 error
42 error If you believe this might be a permissions issue, please double-check the
42 error permissions of the file and its containing directories, or try running
42 error the command again as root/Administrator.
43 silly unfinished npm timer reify 1727864394112
44 silly unfinished npm timer reify:save 1727864397096
45 verbose cwd /data
46 verbose os Linux 6.8.0-45-generic
47 verbose node v20.17.0
48 verbose npm  v10.8.2
49 verbose exit -13
50 verbose code -13
51 error A complete log of this run can be found in: /data/.npm/_logs/2024-10-02T10_19_51_990Z-debug-0.log
