0 verbose cli /usr/local/bin/node /usr/local/bin/npm
1 info using npm@10.8.2
2 info using node@v20.17.0
3 silly config load:file:/usr/local/lib/node_modules/npm/npmrc
4 silly config load:file:/data/.npmrc
5 silly config load:file:/usr/src/node-red/.npmrc
6 silly config load:file:/usr/local/etc/npmrc
7 verbose title npm install node-red-contrib-boolean-logic
8 verbose argv "install" "node-red-contrib-boolean-logic"
9 verbose logfile logs-max:10 dir:/data/.npm/_logs/2024-09-23T13_12_37_884Z-
10 verbose logfile /data/.npm/_logs/2024-09-23T13_12_37_884Z-debug-0.log
11 silly packumentCache heap:2197815296 maxSize:549453824 maxEntrySize:274726912
12 silly logfile done cleaning log files
13 silly idealTree buildDeps
14 silly fetch manifest node-red-contrib-boolean-logic@*
15 silly packumentCache full:https://registry.npmjs.org/node-red-contrib-boolean-logic cache-miss
16 verbose shrinkwrap failed to load node_modules/.package-lock.json out of date, updated: node_modules
17 http fetch GET 200 https://registry.npmjs.org/node-red-contrib-boolean-logic 773ms (cache miss)
18 silly packumentCache full:https://registry.npmjs.org/node-red-contrib-boolean-logic set size:undefined disposed:false
19 silly placeDep ROOT node-red-contrib-boolean-logic@0.0.3 OK for: ESP32_i_like_hamburgers@0.0.1 want: *
20 silly reify moves {}
21 silly audit bulk request {
21 silly audit   '@babel/runtime': [ '7.25.6' ],
21 silly audit   '@mapbox/node-pre-gyp': [ '1.0.11' ],
21 silly audit   '@node-red/editor-api': [ '3.1.12' ],
21 silly audit   bcrypt: [ '5.1.0', '5.1.1' ],
21 silly audit   'body-parser': [ '1.20.3', '1.19.0', '1.20.2' ],
21 silly audit   bytes: [ '3.1.2', '3.1.0', '3.0.0' ],
21 silly audit   depd: [ '2.0.0', '1.1.2' ],
21 silly audit   encodeurl: [ '2.0.0', '1.0.2' ],
21 silly audit   express: [ '4.21.0', '4.19.1' ],
21 silly audit   finalhandler: [ '1.3.1', '1.2.0' ],
21 silly audit   'http-errors': [ '2.0.0', '1.7.2' ],
21 silly audit   inherits: [ '2.0.4', '2.0.1', '2.0.3' ],
21 silly audit   'merge-descriptors': [ '1.0.3', '1.0.1' ],
21 silly audit   ms: [ '2.1.3', '2.1.2', '2.0.0' ],
21 silly audit   'on-finished': [ '2.4.1', '2.3.0' ],
21 silly audit   'path-to-regexp': [ '0.1.10', '0.1.7' ],
21 silly audit   qs: [ '6.13.0', '6.11.0', '6.7.0', '6.5.3' ],
21 silly audit   'raw-body': [ '2.5.2', '2.4.0' ],
21 silly audit   send: [ '0.19.0', '0.18.0' ],
21 silly audit   mime: [ '1.6.0', '3.0.0' ],
21 silly audit   'serve-static': [ '1.16.2', '1.15.0' ],
21 silly audit   toidentifier: [ '1.0.1', '1.0.0' ],
21 silly audit   '@node-red/editor-client': [ '3.1.12' ],
21 silly audit   '@node-red/nodes': [ '3.1.12' ],
21 silly audit   'iconv-lite': [ '0.4.24', '0.6.3' ],
21 silly audit   cookie: [ '0.5.0', '0.6.0', '0.4.1', '0.4.2' ],
21 silly audit   '@node-red/registry': [ '3.1.12' ],
21 silly audit   'lru-cache': [ '6.0.0', '4.1.5', '7.18.3' ],
21 silly audit   semver: [ '7.5.4', '6.3.1', '7.6.3' ],
21 silly audit   yallist: [ '4.0.0', '2.1.2' ],
21 silly audit   '@node-red/runtime': [ '3.1.12' ],
21 silly audit   '@node-red/util': [ '3.1.12' ],
21 silly audit   '@serialport/binding-mock': [ '10.2.2' ],
21 silly audit   debug: [ '4.3.7', '4.3.4', '2.6.9' ],
21 silly audit   '@serialport/bindings-cpp': [ '11.0.3' ],
21 silly audit   '@serialport/parser-delimiter': [ '11.0.0', '11.0.1' ],
21 silly audit   '@serialport/parser-readline': [ '11.0.0', '11.0.1' ],
21 silly audit   'node-addon-api': [ '6.1.0', '5.1.0' ],
21 silly audit   '@serialport/bindings-interface': [ '1.2.2' ],
21 silly audit   '@serialport/parser-byte-length': [ '11.0.1' ],
21 silly audit   '@serialport/parser-cctalk': [ '11.0.1' ],
21 silly audit   '@serialport/parser-inter-byte-timeout': [ '11.0.1' ],
21 silly audit   '@serialport/parser-packet-length': [ '11.0.1' ],
21 silly audit   '@serialport/parser-ready': [ '11.0.1' ],
21 silly audit   '@serialport/parser-regex': [ '11.0.1' ],
21 silly audit   '@serialport/parser-slip-encoder': [ '11.0.1' ],
21 silly audit   '@serialport/parser-spacepacket': [ '11.0.1' ],
21 silly audit   '@serialport/stream': [ '11.0.1' ],
21 silly audit   '@sindresorhus/is': [ '5.6.0' ],
21 silly audit   '@socket.io/component-emitter': [ '3.1.2' ],
21 silly audit   '@szmarczak/http-timer': [ '5.0.1' ],
21 silly audit   '@types/cookie': [ '0.4.1' ],
21 silly audit   '@types/cors': [ '2.8.17' ],
21 silly audit   '@types/http-cache-semantics': [ '4.0.4' ],
21 silly audit   '@types/node': [ '22.5.5' ],
21 silly audit   abbrev: [ '1.1.1' ],
21 silly audit   accepts: [ '1.3.8' ],
21 silly audit   acorn: [ '8.8.2' ],
21 silly audit   'acorn-walk': [ '8.2.0' ],
21 silly audit   'agent-base': [ '6.0.2' ],
21 silly audit   ajv: [ '8.12.0', '6.12.6' ],
21 silly audit   'ansi-colors': [ '4.1.3' ],
21 silly audit   'ansi-regex': [ '5.0.1' ],
21 silly audit   'append-field': [ '1.0.0' ],
21 silly audit   aproba: [ '2.0.0' ],
21 silly audit   'are-we-there-yet': [ '2.0.0' ],
21 silly audit   argparse: [ '2.0.1' ],
21 silly audit   'array-flatten': [ '1.1.1' ],
21 silly audit   asap: [ '2.0.6' ],
21 silly audit   asn1: [ '0.2.6' ],
21 silly audit   'assert-plus': [ '1.0.0' ],
21 silly audit   'async-mutex': [ '0.4.0' ],
21 silly audit   asynckit: [ '0.4.0' ],
21 silly audit   'available-typed-arrays': [ '1.0.7' ],
21 silly audit   'aws-sign2': [ '0.7.0' ],
21 silly audit   'aws-ssl-profiles': [ '1.1.2' ],
21 silly audit   aws4: [ '1.13.2' ],
21 silly audit   axios: [ '1.7.7' ],
21 silly audit   'balanced-match': [ '1.0.2' ],
21 silly audit   'base64-js': [ '1.5.1' ],
21 silly audit   base64id: [ '2.0.0' ],
21 silly audit   'basic-auth': [ '2.0.1' ],
21 silly audit   'safe-buffer': [ '5.1.2', '5.2.1' ],
21 silly audit   'bcrypt-pbkdf': [ '1.0.2' ],
21 silly audit   bcryptjs: [ '2.4.3' ],
21 silly audit   'bignumber.js': [ '2.0.7' ],
21 silly audit   bindings: [ '1.5.0' ],
21 silly audit   'bitcore-lib': [ '0.13.19' ],
21 silly audit   'bitcore-message': [ '1.0.4' ],
21 silly audit   bl: [ '4.1.0' ],
21 silly audit   bluebird: [ '3.7.2' ],
21 silly audit   'bn.js': [ '2.0.4' ],
21 silly audit   boolbase: [ '1.0.0' ],
21 silly audit   'brace-expansion': [ '1.1.11' ],
21 silly audit   brorand: [ '1.1.0' ],
21 silly audit   bs58: [ '2.0.0' ],
21 silly audit   buffer: [ '5.7.1' ],
21 silly audit   'buffer-compare': [ '1.0.0' ],
21 silly audit   'buffer-from': [ '1.1.2' ],
21 silly audit   busboy: [ '1.6.0' ],
21 silly audit   bytebuffer: [ '5.0.1' ],
21 silly audit   'cacheable-lookup': [ '7.0.0' ],
21 silly audit   'cacheable-request': [ '10.2.14' ],
21 silly audit   'call-bind': [ '1.0.7' ],
21 silly audit   caseless: [ '0.12.0' ],
21 silly audit   cheerio: [ '1.0.0-rc.10' ],
21 silly audit   'cheerio-select': [ '1.6.0' ],
21 silly audit   chownr: [ '2.0.0' ],
21 silly audit   'cli-table': [ '0.3.11' ],
21 silly audit   clone: [ '2.1.2' ],
21 silly audit   'color-support': [ '1.1.3' ],
21 silly audit   colors: [ '1.0.3' ],
21 silly audit   'combined-stream': [ '1.0.8' ],
21 silly audit   commander: [ '2.20.3' ],
21 silly audit   commist: [ '1.1.0' ],
21 silly audit   compressible: [ '2.0.18' ],
21 silly audit   compression: [ '1.7.4' ],
21 silly audit   'concat-map': [ '0.0.1' ],
21 silly audit   'concat-stream': [ '2.0.0', '1.6.2' ],
21 silly audit   'console-control-strings': [ '1.1.0' ],
21 silly audit   'content-disposition': [ '0.5.4' ],
21 silly audit   'content-type': [ '1.0.5' ],
21 silly audit   'cookie-parser': [ '1.4.6' ],
21 silly audit   'cookie-signature': [ '1.0.6' ],
21 silly audit   'coord-parser': [ '1.0.0' ],
21 silly audit   'core-util-is': [ '1.0.2' ],
21 silly audit   cors: [ '2.8.5' ],
21 silly audit   cronosjs: [ '1.7.1' ],
21 silly audit   cronstrue: [ '2.50.0' ],
21 silly audit   crypto: [ '0.0.3' ],
21 silly audit   'crypto-js': [ '3.3.0' ],
21 silly audit   'css-select': [ '4.3.0' ],
21 silly audit   'css-what': [ '6.1.0' ],
21 silly audit   dashdash: [ '1.14.1' ],
21 silly audit   'decompress-response': [ '6.0.0' ],
21 silly audit   'mimic-response': [ '3.1.0', '4.0.0' ],
21 silly audit   'defer-to-connect': [ '2.0.1' ],
21 silly audit   'define-data-property': [ '1.1.4' ],
21 silly audit   'delayed-stream': [ '1.0.0' ],
21 silly audit   delegates: [ '1.0.0' ],
21 silly audit   denque: [ '2.1.0' ],
21 silly audit   destroy: [ '1.2.0' ],
21 silly audit   'detect-libc': [ '2.0.3' ],
21 silly audit   'dom-serializer': [ '1.4.1' ],
21 silly audit   domelementtype: [ '2.3.0' ],
21 silly audit   domhandler: [ '4.3.1' ],
21 silly audit   domutils: [ '2.8.0' ],
21 silly audit   duplexify: [ '4.1.3' ],
21 silly audit   'ecc-jsbn': [ '0.1.2' ],
21 silly audit   'ee-first': [ '1.1.1' ],
21 silly audit   elliptic: [ '3.0.3' ],
21 silly audit   'emoji-regex': [ '8.0.0' ],
21 silly audit   'end-of-stream': [ '1.4.4' ],
21 silly audit   'engine.io': [ '6.6.1' ],
21 silly audit   'engine.io-parser': [ '5.2.3' ],
21 silly audit   ws: [ '8.17.1', '7.5.10' ],
21 silly audit   enquirer: [ '2.4.1' ],
21 silly audit   entities: [ '2.2.0' ],
21 silly audit   'es-define-property': [ '1.0.0' ],
21 silly audit   'es-errors': [ '1.3.0' ],
21 silly audit   'escape-html': [ '1.0.3' ],
21 silly audit   etag: [ '1.8.1' ],
21 silly audit   'express-session': [ '1.17.3' ],
21 silly audit   extend: [ '3.0.2' ],
21 silly audit   extsprintf: [ '1.3.0' ],
21 silly audit   'fast-deep-equal': [ '3.1.3' ],
21 silly audit   'fast-json-stable-stringify': [ '2.1.0' ],
21 silly audit   'file-uri-to-path': [ '1.0.0' ],
21 silly audit   'follow-redirects': [ '1.15.9' ],
21 silly audit   'for-each': [ '0.3.3' ],
21 silly audit   'forever-agent': [ '0.6.1' ],
21 silly audit   'form-data': [ '4.0.0', '2.3.3' ],
21 silly audit   'form-data-encoder': [ '2.1.4' ],
21 silly audit   forwarded: [ '0.2.0' ],
21 silly audit   fresh: [ '0.5.2' ],
21 silly audit   fs: [ '0.0.1-security' ],
21 silly audit   'fs-extra': [ '11.1.1' ],
21 silly audit   'fs-minipass': [ '2.1.0' ],
21 silly audit   minipass: [ '3.3.6', '5.0.0' ],
21 silly audit   'fs.realpath': [ '1.0.0' ],
21 silly audit   'function-bind': [ '1.1.2' ],
21 silly audit   gauge: [ '3.0.2' ],
21 silly audit   'generate-function': [ '2.3.1' ],
21 silly audit   'get-intrinsic': [ '1.2.4' ],
21 silly audit   'get-stream': [ '6.0.1' ],
21 silly audit   getpass: [ '0.1.7' ],
21 silly audit   glob: [ '7.2.3' ],
21 silly audit   gopd: [ '1.0.1' ],
21 silly audit   got: [ '12.6.0' ],
21 silly audit   'graceful-fs': [ '4.2.11' ],
21 silly audit   gridstack: [ '0.6.4' ],
21 silly audit   'har-schema': [ '2.0.0' ],
21 silly audit   'har-validator': [ '5.1.5' ],
21 silly audit   'json-schema-traverse': [ '0.4.1', '1.0.0' ],
21 silly audit   'has-property-descriptors': [ '1.0.2' ],
21 silly audit   'has-proto': [ '1.0.3' ],
21 silly audit   'has-symbols': [ '1.0.3' ],
21 silly audit   'has-tostringtag': [ '1.0.2' ],
21 silly audit   'has-unicode': [ '2.0.1' ],
21 silly audit   'hash-sum': [ '2.0.0' ],
21 silly audit   'hash.js': [ '1.1.7' ],
21 silly audit   hasown: [ '2.0.2' ],
21 silly audit   'help-me': [ '3.0.0' ],
21 silly audit   hpagent: [ '1.2.0' ],
21 silly audit   htmlparser2: [ '6.1.0' ],
21 silly audit   'http-cache-semantics': [ '4.1.1' ],
21 silly audit   setprototypeof: [ '1.1.1', '1.2.0' ],
21 silly audit   statuses: [ '1.5.0', '2.0.1' ],
21 silly audit   'http-signature': [ '1.2.0' ],
21 silly audit   'http2-wrapper': [ '2.2.1' ],
21 silly audit   'https-proxy-agent': [ '5.0.1' ],
21 silly audit   i18next: [ '21.10.0' ],
21 silly audit   ieee754: [ '1.2.1' ],
21 silly audit   inflight: [ '1.0.6' ],
21 silly audit   'ipaddr.js': [ '1.9.1' ],
21 silly audit   'is-arguments': [ '1.1.1' ],
21 silly audit   'is-callable': [ '1.2.7' ],
21 silly audit   'is-docker': [ '2.2.1' ],
21 silly audit   'is-fullwidth-code-point': [ '3.0.0' ],
21 silly audit   'is-generator-function': [ '1.0.10' ],
21 silly audit   'is-property': [ '1.0.2' ],
21 silly audit   'is-typed-array': [ '1.1.13' ],
21 silly audit   'is-typedarray': [ '1.0.0' ],
21 silly audit   'is-utf8': [ '0.2.1' ],
21 silly audit   'is-wsl': [ '2.2.0' ],
21 silly audit   isarray: [ '1.0.0' ],
21 silly audit   isstream: [ '0.1.2' ],
21 silly audit   'javascript-opentimestamps': [ '0.1.18' ],
21 silly audit   jquery: [ '3.7.1' ],
21 silly audit   'js-sdsl': [ '4.3.0' ],
21 silly audit   'js-yaml': [ '4.1.0' ],
21 silly audit   jsbn: [ '0.1.1' ],
21 silly audit   'json-buffer': [ '3.0.1' ],
21 silly audit   'json-schema': [ '0.4.0' ],
21 silly audit   'json-stringify-safe': [ '5.0.1' ],
21 silly audit   jsonata: [ '1.8.7' ],
21 silly audit   jsonfile: [ '6.1.0' ],
21 silly audit   jsprim: [ '1.4.2' ],
21 silly audit   keccak: [ '1.4.0' ],
21 silly audit   keyv: [ '4.5.4' ],
21 silly audit   leven: [ '2.1.0' ],
21 silly audit   lodash: [ '3.10.1', '4.17.21' ],
21 silly audit   'lodash.clonedeep': [ '4.5.0' ],
21 silly audit   long: [ '3.2.0', '5.2.3' ],
21 silly audit   'lowercase-keys': [ '3.0.0' ],
21 silly audit   'lru.min': [ '1.1.1' ],
21 silly audit   'make-dir': [ '3.1.0' ],
21 silly audit   'media-typer': [ '1.1.0', '0.3.0' ],
21 silly audit   memorystore: [ '1.6.7' ],
21 silly audit   methods: [ '1.1.2' ],
21 silly audit   'mime-db': [ '1.52.0' ],
21 silly audit   'mime-types': [ '2.1.35' ],
21 silly audit   'minimalistic-assert': [ '1.0.1' ],
21 silly audit   minimatch: [ '3.1.2' ],
21 silly audit   minimist: [ '1.2.8' ],
21 silly audit   minizlib: [ '2.1.2' ],
21 silly audit   mkdirp: [ '0.5.6', '1.0.4' ],
21 silly audit   moment: [ '2.29.4' ],
21 silly audit   'moment-timezone': [ '0.5.43' ],
21 silly audit   mqtt: [ '4.3.7' ],
21 silly audit   'mqtt-packet': [ '6.10.0' ],
21 silly audit   multer: [ '1.4.5-lts.1' ],
21 silly audit   'readable-stream': [ '2.3.8', '3.6.2' ],
21 silly audit   string_decoder: [ '1.1.1', '1.3.0' ],
21 silly audit   mustache: [ '4.2.0' ],
21 silly audit   'mute-stream': [ '0.0.8' ],
21 silly audit   mysql2: [ '3.11.3' ],
21 silly audit   'named-placeholders': [ '1.1.3' ],
21 silly audit   nan: [ '2.20.0' ],
21 silly audit   negotiator: [ '0.6.3' ],
21 silly audit   nipplejs: [ '0.8.7' ],
21 silly audit   'node-fetch': [ '2.7.0' ],
21 silly audit   'node-gyp-build': [ '4.6.0' ],
21 silly audit   'node-red': [ '3.1.12' ],
21 silly audit   'node-red-admin': [ '3.1.3' ],
21 silly audit   'node-red-contrib-buffer-parser': [ '3.2.2' ],
21 silly audit   'node-red-contrib-cron-plus': [ '2.1.0' ],
21 silly audit   'node-red-contrib-open': [ '1.0.0' ],
21 silly audit   'node-red-contrib-opentimestamps': [ '0.0.7' ],
21 silly audit   'node-red-contrib-play-audio': [ '2.5.0' ],
21 silly audit   'node-red-contrib-socketcan': [ '1.2.10' ],
21 silly audit   'node-red-contrib-ui-joystick': [ '1.0.1' ],
21 silly audit   'node-red-contrib-ui-time-scheduler': [ '1.17.2' ],
21 silly audit   'node-red-dashboard': [ '3.6.5' ],
21 silly audit   'node-red-node-mysql': [ '2.0.0' ],
21 silly audit   'node-red-node-pi-gpio': [ '2.0.6' ],
21 silly audit   'node-red-node-ping': [ '0.3.3' ],
21 silly audit   'node-red-node-random': [ '0.4.1' ],
21 silly audit   'node-red-node-serialport': [ '1.0.4' ],
21 silly audit   'node-red-node-smooth': [ '0.1.2' ],
21 silly audit   'node-watch': [ '0.7.4' ],
21 silly audit   nopt: [ '5.0.0' ],
21 silly audit   'normalize-url': [ '8.0.1' ],
21 silly audit   npmlog: [ '5.0.1' ],
21 silly audit   'nth-check': [ '2.1.1' ],
21 silly audit   'number-allocator': [ '1.0.14' ],
21 silly audit   'oauth-sign': [ '0.9.0' ],
21 silly audit   oauth2orize: [ '1.11.1' ],
21 silly audit   'object-assign': [ '4.1.1' ],
21 silly audit   'object-inspect': [ '1.13.2' ],
21 silly audit   'on-headers': [ '1.0.2' ],
21 silly audit   once: [ '1.4.0' ],
21 silly audit   open: [ '7.3.1' ],
21 silly audit   'p-cancelable': [ '3.0.0' ],
21 silly audit   'parse-ms': [ '2.1.0' ],
21 silly audit   parse5: [ '6.0.1' ],
21 silly audit   'parse5-htmlparser2-tree-adapter': [ '6.0.1' ],
21 silly audit   parseurl: [ '1.3.3' ],
21 silly audit   passport: [ '0.6.0' ],
21 silly audit   'passport-http-bearer': [ '1.0.1' ],
21 silly audit   'passport-oauth2-client-password': [ '0.1.2' ],
21 silly audit   'passport-strategy': [ '1.0.0' ],
21 silly audit   'path-is-absolute': [ '1.0.1' ],
21 silly audit   pause: [ '0.0.1' ],
21 silly audit   'performance-now': [ '2.1.0' ],
21 silly audit   'possible-typed-array-names': [ '1.0.0' ],
21 silly audit   'pretty-ms': [ '7.0.1' ],
21 silly audit   'process-nextick-args': [ '2.0.1' ],
21 silly audit   promise: [ '7.3.1' ],
21 silly audit   properties: [ '1.2.1' ],
21 silly audit   'proxy-addr': [ '2.0.7' ],
21 silly audit   'proxy-from-env': [ '1.1.0' ],
21 silly audit   pseudomap: [ '1.0.2' ],
21 silly audit   psl: [ '1.9.0' ],
21 silly audit   pump: [ '3.0.2' ],
21 silly audit   punycode: [ '2.3.1' ],
21 silly audit   querystringify: [ '2.2.0' ],
21 silly audit   'quick-lru': [ '5.1.1' ],
21 silly audit   'random-bytes': [ '1.0.0' ],
21 silly audit   'random-js': [ '2.1.0' ],
21 silly audit   randombytes: [ '2.0.3' ],
21 silly audit   randomstring: [ '1.3.0' ],
21 silly audit   'range-parser': [ '1.2.1' ],
21 silly audit   read: [ '1.0.7' ],
21 silly audit   'red-contrib-socketcan': [ '1.0.0' ],
21 silly audit   socketcan: [ '2.9.1', '3.0.0' ],
21 silly audit   'regenerator-runtime': [ '0.14.1' ],
21 silly audit   reinterval: [ '1.1.0' ],
21 silly audit   request: [ '2.88.2' ],
21 silly audit   'request-promise': [ '4.2.6' ],
21 silly audit   'request-promise-core': [ '1.1.4' ],
21 silly audit   'tough-cookie': [ '2.5.0', '4.1.3' ],
21 silly audit   uuid: [ '3.4.0', '9.0.0' ],
21 silly audit   'require-from-string': [ '2.0.2' ],
21 silly audit   'requires-port': [ '1.0.0' ],
21 silly audit   'resolve-alpn': [ '1.2.1' ],
21 silly audit   responselike: [ '3.0.0' ],
21 silly audit   rfdc: [ '1.4.1' ],
21 silly audit   rimraf: [ '3.0.2' ],
21 silly audit   'safer-buffer': [ '2.1.2' ],
21 silly audit   sax: [ '1.4.1' ],
21 silly audit   'seq-queue': [ '0.0.5' ],
21 silly audit   serialport: [ '11.0.1' ],
21 silly audit   'set-blocking': [ '2.0.0' ],
21 silly audit   'set-function-length': [ '1.2.2' ],
21 silly audit   'side-channel': [ '1.0.6' ],
21 silly audit   'signal-exit': [ '3.0.7' ],
21 silly audit   'socket.io': [ '4.8.0' ],
21 silly audit   'socket.io-adapter': [ '2.5.5' ],
21 silly audit   'socket.io-parser': [ '4.2.4' ],
21 silly audit   split2: [ '3.2.2' ],
21 silly audit   sqlstring: [ '2.3.3' ],
21 silly audit   sshpk: [ '1.18.0' ],
21 silly audit   'stealthy-require': [ '1.1.1' ],
21 silly audit   'stream-shift': [ '1.0.3' ],
21 silly audit   streamsearch: [ '1.1.0' ],
21 silly audit   'string-width': [ '4.2.3' ],
21 silly audit   'strip-ansi': [ '6.0.1' ],
21 silly audit   suncalc: [ '1.9.0' ],
21 silly audit   suncalc2: [ '1.8.1' ],
21 silly audit   tar: [ '6.2.1' ],
21 silly audit   'thethingbox-node-timestamp': [ '2.0.0' ],
21 silly audit   universalify: [ '0.2.0', '2.0.1' ],
21 silly audit   tr46: [ '0.0.3' ],
21 silly audit   tslib: [ '2.7.0' ],
21 silly audit   'tunnel-agent': [ '0.6.0' ],
21 silly audit   tweetnacl: [ '0.14.5' ],
21 silly audit   'type-is': [ '1.6.18' ],
21 silly audit   typedarray: [ '0.0.6' ],
21 silly audit   'uglify-js': [ '3.17.4' ],
21 silly audit   'uid-safe': [ '2.1.5' ],
21 silly audit   uid2: [ '0.0.4' ],
21 silly audit   'undici-types': [ '6.19.8' ],
21 silly audit   unpipe: [ '1.0.0' ],
21 silly audit   'uri-js': [ '4.4.1' ],
21 silly audit   'url-parse': [ '1.5.10' ],
21 silly audit   utf8: [ '2.1.2' ],
21 silly audit   util: [ '0.12.5' ],
21 silly audit   'util-deprecate': [ '1.0.2' ],
21 silly audit   'utils-merge': [ '1.0.1' ],
21 silly audit   vary: [ '1.1.2' ],
21 silly audit   verror: [ '1.10.0' ],
21 silly audit   web3: [ '0.18.4' ],
21 silly audit   'webidl-conversions': [ '3.0.1' ],
21 silly audit   'whatwg-url': [ '5.0.0' ],
21 silly audit   'which-typed-array': [ '1.1.15' ],
21 silly audit   'wide-align': [ '1.1.5' ],
21 silly audit   wrappy: [ '1.0.2' ],
21 silly audit   xhr2: [ '0.2.1' ],
21 silly audit   xml2js: [ '0.6.2' ],
21 silly audit   xmlbuilder: [ '11.0.1' ],
21 silly audit   xmlhttprequest: [ '1.8.0' ],
21 silly audit   xtend: [ '4.0.2' ],
21 silly audit   'node-red-contrib-boolean-logic': [ '0.0.3' ]
21 silly audit }
22 silly tarball no local data for node-red-contrib-boolean-logic@https://registry.npmjs.org/node-red-contrib-boolean-logic/-/node-red-contrib-boolean-logic-0.0.3.tgz. Extracting by manifest.
23 http fetch GET 200 https://registry.npmjs.org/node-red-contrib-boolean-logic/-/node-red-contrib-boolean-logic-0.0.3.tgz 167ms (cache miss)
24 verbose stack Error: EACCES: permission denied, open '/data/package.json'
24 verbose stack     at async open (node:internal/fs/promises:639:25)
24 verbose stack     at async writeFile (node:internal/fs/promises:1212:14)
24 verbose stack     at async PackageJson.save (/usr/local/lib/node_modules/npm/node_modules/@npmcli/package-json/lib/index.js:250:14)
24 verbose stack     at async [saveIdealTree] (/usr/local/lib/node_modules/npm/node_modules/@npmcli/arborist/lib/arborist/reify.js:1512:9)
24 verbose stack     at async Arborist.reify (/usr/local/lib/node_modules/npm/node_modules/@npmcli/arborist/lib/arborist/reify.js:148:5)
24 verbose stack     at async Install.exec (/usr/local/lib/node_modules/npm/lib/commands/install.js:150:5)
24 verbose stack     at async Npm.exec (/usr/local/lib/node_modules/npm/lib/npm.js:207:9)
24 verbose stack     at async module.exports (/usr/local/lib/node_modules/npm/lib/cli/entry.js:74:5)
25 error code EACCES
26 error syscall open
27 error path /data/package.json
28 error errno -13
29 error Error: EACCES: permission denied, open '/data/package.json'
29 error     at async open (node:internal/fs/promises:639:25)
29 error     at async writeFile (node:internal/fs/promises:1212:14)
29 error     at async PackageJson.save (/usr/local/lib/node_modules/npm/node_modules/@npmcli/package-json/lib/index.js:250:14)
29 error     at async [saveIdealTree] (/usr/local/lib/node_modules/npm/node_modules/@npmcli/arborist/lib/arborist/reify.js:1512:9)
29 error     at async Arborist.reify (/usr/local/lib/node_modules/npm/node_modules/@npmcli/arborist/lib/arborist/reify.js:148:5)
29 error     at async Install.exec (/usr/local/lib/node_modules/npm/lib/commands/install.js:150:5)
29 error     at async Npm.exec (/usr/local/lib/node_modules/npm/lib/npm.js:207:9)
29 error     at async module.exports (/usr/local/lib/node_modules/npm/lib/cli/entry.js:74:5) {
29 error   errno: -13,
29 error   code: 'EACCES',
29 error   syscall: 'open',
29 error   path: '/data/package.json'
29 error }
30 error
30 error The operation was rejected by your operating system.
30 error It is likely you do not have the permissions to access this file as the current user
30 error
30 error If you believe this might be a permissions issue, please double-check the
30 error permissions of the file and its containing directories, or try running
30 error the command again as root/Administrator.
31 silly unfinished npm timer reify 1727097158329
32 silly unfinished npm timer reify:audit 1727097159543
33 silly unfinished npm timer auditReport:getReport 1727097159544
34 silly unfinished npm timer reify:save 1727097159748
35 verbose cwd /data
36 verbose os Linux 6.8.0-40-generic
37 verbose node v20.17.0
38 verbose npm  v10.8.2
39 verbose exit -13
40 verbose code -13
41 error A complete log of this run can be found in: /data/.npm/_logs/2024-09-23T13_12_37_884Z-debug-0.log
