0 verbose cli /usr/local/bin/node /usr/local/lib/node_modules/npm/bin/npm-cli.js
1 info using npm@10.8.2
2 info using node@v20.17.0
3 silly config load:file:/usr/local/lib/node_modules/npm/npmrc
4 silly config load:file:/data/.npm/_cacache/tmp/git-cloneOgncoP/.npmrc
5 silly config load:file:/usr/src/node-red/.npmrc
6 silly config load:file:/usr/local/etc/npmrc
7 verbose title npm install
8 verbose argv "install" "--force" "--cache" "/data/.npm" "--prefer-offline" "false" "--prefer-online" "false" "--offline" "false" "--no-progress" "--no-save" "--no-audit" "--include" "dev" "--include" "peer" "--include" "optional" "--no-package-lock-only" "--no-dry-run"
9 verbose logfile logs-max:10 dir:/data/.npm/_logs/2024-09-22T06_45_15_183Z-
10 verbose logfile /data/.npm/_logs/2024-09-22T06_45_15_183Z-debug-0.log
11 warn using --force Recommended protections disabled.
12 silly packumentCache heap:2197815296 maxSize:549453824 maxEntrySize:274726912
13 silly logfile done cleaning log files
14 silly idealTree buildDeps
15 silly reify moves {}
16 verbose cwd /data/.npm/_cacache/tmp/git-cloneOgncoP
17 verbose os Linux 6.8.0-40-generic
18 verbose node v20.17.0
19 verbose npm  v10.8.2
20 verbose exit 0
21 info ok
