0 verbose cli /usr/local/bin/node /usr/local/bin/npm
1 info using npm@10.8.2
2 info using node@v20.17.0
3 silly config load:file:/usr/local/lib/node_modules/npm/npmrc
4 silly config load:file:/usr/src/node-red/.npmrc
5 silly config load:file:/usr/local/etc/npmrc
6 verbose title npm audit fix
7 verbose argv "audit" "fix" "--force"
8 verbose logfile logs-max:10 dir:/data/.npm/_logs/2024-09-22T06_45_43_780Z-
9 verbose logfile /data/.npm/_logs/2024-09-22T06_45_43_780Z-debug-0.log
10 warn using --force Recommended protections disabled.
11 silly packumentCache heap:2197815296 maxSize:549453824 maxEntrySize:274726912
12 silly logfile done cleaning log files
13 verbose stack Error: loadVirtual requires existing shrinkwrap file
13 verbose stack     at Arborist.loadVirtual (/usr/local/lib/node_modules/npm/node_modules/@npmcli/arborist/lib/arborist/load-virtual.js:51:18)
13 verbose stack     at async Arborist.audit (/usr/local/lib/node_modules/npm/node_modules/@npmcli/arborist/lib/arborist/index.js:241:14)
13 verbose stack     at async Audit.auditAdvisories (/usr/local/lib/node_modules/npm/lib/commands/audit.js:69:5)
13 verbose stack     at async Audit.exec (/usr/local/lib/node_modules/npm/lib/commands/audit.js:49:7)
13 verbose stack     at async Npm.exec (/usr/local/lib/node_modules/npm/lib/npm.js:207:9)
13 verbose stack     at async module.exports (/usr/local/lib/node_modules/npm/lib/cli/entry.js:74:5)
14 error code ENOLOCK
15 error audit This command requires an existing lockfile.
16 error audit Try creating one first with: npm i --package-lock-only
17 error audit Original error: loadVirtual requires existing shrinkwrap file
18 silly unfinished npm timer audit 1726987544239
19 verbose cwd /usr/src/node-red
20 verbose os Linux 6.8.0-40-generic
21 verbose node v20.17.0
22 verbose npm  v10.8.2
23 verbose exit 1
24 verbose code 1
25 error A complete log of this run can be found in: /data/.npm/_logs/2024-09-22T06_45_43_780Z-debug-0.log
